The target system is: Android - 1 - aarch64
The host system is: Darwin - 22.1.0 - x86_64
Determining if the C compiler works passed with the following output:
Change Dir: /Users/kijin_seija/Downloads/ncnn-android-yolov5-master/app/.cxx/cmake/release/arm64-v8a/CMakeFiles/CMakeTmp

Run Build Command:"/Users/kijin_seija/Library/Android/sdk/cmake/3.10.2.4988404/bin/ninja" "cmTC_d841a"
[1/2] Building C object CMakeFiles/cmTC_d841a.dir/testCCompiler.c.o
[2/2] Linking C executable cmTC_d841a


Detecting C compiler ABI info compiled with the following output:
Change Dir: /Users/kijin_seija/Downloads/ncnn-android-yolov5-master/app/.cxx/cmake/release/arm64-v8a/CMakeFiles/CMakeTmp

Run Build Command:"/Users/kijin_seija/Library/Android/sdk/cmake/3.10.2.4988404/bin/ninja" "cmTC_e3f3e"
[1/2] Building C object CMakeFiles/cmTC_e3f3e.dir/CMakeCCompilerABI.c.o
[2/2] Linking C executable cmTC_e3f3e
Android (8481493, based on r416183c2) clang version 12.0.9 (https://android.googlesource.com/toolchain/llvm-project c935d99d7cf2016289302412d708641d52d2f7ee)
Target: aarch64-none-linux-android26
Thread model: posix
InstalledDir: /Users/kijin_seija/Library/Android/sdk/ndk/23.2.8568313/toolchains/llvm/prebuilt/darwin-x86_64/bin
Found candidate GCC installation: /Users/kijin_seija/Library/Android/sdk/ndk/23.2.8568313/toolchains/llvm/prebuilt/darwin-x86_64/lib/gcc/aarch64-linux-android/4.9.x
Selected GCC installation: /Users/kijin_seija/Library/Android/sdk/ndk/23.2.8568313/toolchains/llvm/prebuilt/darwin-x86_64/lib/gcc/aarch64-linux-android/4.9.x
Candidate multilib: .;@m64
Selected multilib: .;@m64
 "/Users/kijin_seija/Library/Android/sdk/ndk/23.2.8568313/toolchains/llvm/prebuilt/darwin-x86_64/bin/ld" --sysroot=/Users/kijin_seija/Library/Android/sdk/ndk/23.2.8568313/toolchains/llvm/prebuilt/darwin-x86_64/sysroot -pie -z noexecstack -EL --fix-cortex-a53-843419 --warn-shared-textrel -z now -z relro -z max-page-size=4096 --hash-style=gnu --enable-new-dtags --eh-frame-hdr -m aarch64linux -dynamic-linker /system/bin/linker64 -o cmTC_e3f3e /Users/kijin_seija/Library/Android/sdk/ndk/23.2.8568313/toolchains/llvm/prebuilt/darwin-x86_64/sysroot/usr/lib/aarch64-linux-android/26/crtbegin_dynamic.o -L/Users/kijin_seija/Library/Android/sdk/ndk/23.2.8568313/toolchains/llvm/prebuilt/darwin-x86_64/lib64/clang/12.0.9/lib/linux/aarch64 -L/Users/kijin_seija/Library/Android/sdk/ndk/23.2.8568313/toolchains/llvm/prebuilt/darwin-x86_64/lib/gcc/aarch64-linux-android/4.9.x -L/Users/kijin_seija/Library/Android/sdk/ndk/23.2.8568313/toolchains/llvm/prebuilt/darwin-x86_64/sysroot/usr/lib/aarch64-linux-android/26 -L/Users/kijin_seija/Library/Android/sdk/ndk/23.2.8568313/toolchains/llvm/prebuilt/darwin-x86_64/sysroot/usr/lib/aarch64-linux-android -L/Users/kijin_seija/Library/Android/sdk/ndk/23.2.8568313/toolchains/llvm/prebuilt/darwin-x86_64/sysroot/usr/lib --build-id=sha1 --no-rosegment --fatal-warnings --no-undefined --gc-sections CMakeFiles/cmTC_e3f3e.dir/CMakeCCompilerABI.c.o /Users/kijin_seija/Library/Android/sdk/ndk/23.2.8568313/toolchains/llvm/prebuilt/darwin-x86_64/lib64/clang/12.0.9/lib/linux/libclang_rt.builtins-aarch64-android.a -l:libunwind.a -ldl -lc /Users/kijin_seija/Library/Android/sdk/ndk/23.2.8568313/toolchains/llvm/prebuilt/darwin-x86_64/lib64/clang/12.0.9/lib/linux/libclang_rt.builtins-aarch64-android.a -l:libunwind.a -ldl /Users/kijin_seija/Library/Android/sdk/ndk/23.2.8568313/toolchains/llvm/prebuilt/darwin-x86_64/sysroot/usr/lib/aarch64-linux-android/26/crtend_android.o


Parsed C implicit link information from above output:
  link line regex: [^( *|.*[/\])(CMAKE_LINKER-NOTFOUND|CMAKE_LINK_STARTFILE-NOTFOUND|([^/\]+-)?ld|collect2)[^/\]*( |$)]
  ignore line: [Change Dir: /Users/kijin_seija/Downloads/ncnn-android-yolov5-master/app/.cxx/cmake/release/arm64-v8a/CMakeFiles/CMakeTmp]
  ignore line: []
  ignore line: [Run Build Command:"/Users/kijin_seija/Library/Android/sdk/cmake/3.10.2.4988404/bin/ninja" "cmTC_e3f3e"]
  ignore line: [[1/2] Building C object CMakeFiles/cmTC_e3f3e.dir/CMakeCCompilerABI.c.o]
  ignore line: [[2/2] Linking C executable cmTC_e3f3e]
  ignore line: [Android (8481493, based on r416183c2) clang version 12.0.9 (https://android.googlesource.com/toolchain/llvm-project c935d99d7cf2016289302412d708641d52d2f7ee)]
  ignore line: [Target: aarch64-none-linux-android26]
  ignore line: [Thread model: posix]
  ignore line: [InstalledDir: /Users/kijin_seija/Library/Android/sdk/ndk/23.2.8568313/toolchains/llvm/prebuilt/darwin-x86_64/bin]
  ignore line: [Found candidate GCC installation: /Users/kijin_seija/Library/Android/sdk/ndk/23.2.8568313/toolchains/llvm/prebuilt/darwin-x86_64/lib/gcc/aarch64-linux-android/4.9.x]
  ignore line: [Selected GCC installation: /Users/kijin_seija/Library/Android/sdk/ndk/23.2.8568313/toolchains/llvm/prebuilt/darwin-x86_64/lib/gcc/aarch64-linux-android/4.9.x]
  ignore line: [Candidate multilib: .]
  ignore line: [@m64]
  ignore line: [Selected multilib: .]
  ignore line: [@m64]
  link line: [ "/Users/kijin_seija/Library/Android/sdk/ndk/23.2.8568313/toolchains/llvm/prebuilt/darwin-x86_64/bin/ld" --sysroot=/Users/kijin_seija/Library/Android/sdk/ndk/23.2.8568313/toolchains/llvm/prebuilt/darwin-x86_64/sysroot -pie -z noexecstack -EL --fix-cortex-a53-843419 --warn-shared-textrel -z now -z relro -z max-page-size=4096 --hash-style=gnu --enable-new-dtags --eh-frame-hdr -m aarch64linux -dynamic-linker /system/bin/linker64 -o cmTC_e3f3e /Users/kijin_seija/Library/Android/sdk/ndk/23.2.8568313/toolchains/llvm/prebuilt/darwin-x86_64/sysroot/usr/lib/aarch64-linux-android/26/crtbegin_dynamic.o -L/Users/kijin_seija/Library/Android/sdk/ndk/23.2.8568313/toolchains/llvm/prebuilt/darwin-x86_64/lib64/clang/12.0.9/lib/linux/aarch64 -L/Users/kijin_seija/Library/Android/sdk/ndk/23.2.8568313/toolchains/llvm/prebuilt/darwin-x86_64/lib/gcc/aarch64-linux-android/4.9.x -L/Users/kijin_seija/Library/Android/sdk/ndk/23.2.8568313/toolchains/llvm/prebuilt/darwin-x86_64/sysroot/usr/lib/aarch64-linux-android/26 -L/Users/kijin_seija/Library/Android/sdk/ndk/23.2.8568313/toolchains/llvm/prebuilt/darwin-x86_64/sysroot/usr/lib/aarch64-linux-android -L/Users/kijin_seija/Library/Android/sdk/ndk/23.2.8568313/toolchains/llvm/prebuilt/darwin-x86_64/sysroot/usr/lib --build-id=sha1 --no-rosegment --fatal-warnings --no-undefined --gc-sections CMakeFiles/cmTC_e3f3e.dir/CMakeCCompilerABI.c.o /Users/kijin_seija/Library/Android/sdk/ndk/23.2.8568313/toolchains/llvm/prebuilt/darwin-x86_64/lib64/clang/12.0.9/lib/linux/libclang_rt.builtins-aarch64-android.a -l:libunwind.a -ldl -lc /Users/kijin_seija/Library/Android/sdk/ndk/23.2.8568313/toolchains/llvm/prebuilt/darwin-x86_64/lib64/clang/12.0.9/lib/linux/libclang_rt.builtins-aarch64-android.a -l:libunwind.a -ldl /Users/kijin_seija/Library/Android/sdk/ndk/23.2.8568313/toolchains/llvm/prebuilt/darwin-x86_64/sysroot/usr/lib/aarch64-linux-android/26/crtend_android.o]
    arg [/Users/kijin_seija/Library/Android/sdk/ndk/23.2.8568313/toolchains/llvm/prebuilt/darwin-x86_64/bin/ld] ==> ignore
    arg [--sysroot=/Users/kijin_seija/Library/Android/sdk/ndk/23.2.8568313/toolchains/llvm/prebuilt/darwin-x86_64/sysroot] ==> ignore
    arg [-pie] ==> ignore
    arg [-znoexecstack] ==> ignore
    arg [-EL] ==> ignore
    arg [--fix-cortex-a53-843419] ==> ignore
    arg [--warn-shared-textrel] ==> ignore
    arg [-znow] ==> ignore
    arg [-zrelro] ==> ignore
    arg [-zmax-page-size=4096] ==> ignore
    arg [--hash-style=gnu] ==> ignore
    arg [--enable-new-dtags] ==> ignore
    arg [--eh-frame-hdr] ==> ignore
    arg [-m] ==> ignore
    arg [aarch64linux] ==> ignore
    arg [-dynamic-linker] ==> ignore
    arg [/system/bin/linker64] ==> ignore
    arg [-o] ==> ignore
    arg [cmTC_e3f3e] ==> ignore
    arg [/Users/kijin_seija/Library/Android/sdk/ndk/23.2.8568313/toolchains/llvm/prebuilt/darwin-x86_64/sysroot/usr/lib/aarch64-linux-android/26/crtbegin_dynamic.o] ==> ignore
    arg [-L/Users/kijin_seija/Library/Android/sdk/ndk/23.2.8568313/toolchains/llvm/prebuilt/darwin-x86_64/lib64/clang/12.0.9/lib/linux/aarch64] ==> dir [/Users/kijin_seija/Library/Android/sdk/ndk/23.2.8568313/toolchains/llvm/prebuilt/darwin-x86_64/lib64/clang/12.0.9/lib/linux/aarch64]
    arg [-L/Users/kijin_seija/Library/Android/sdk/ndk/23.2.8568313/toolchains/llvm/prebuilt/darwin-x86_64/lib/gcc/aarch64-linux-android/4.9.x] ==> dir [/Users/kijin_seija/Library/Android/sdk/ndk/23.2.8568313/toolchains/llvm/prebuilt/darwin-x86_64/lib/gcc/aarch64-linux-android/4.9.x]
    arg [-L/Users/kijin_seija/Library/Android/sdk/ndk/23.2.8568313/toolchains/llvm/prebuilt/darwin-x86_64/sysroot/usr/lib/aarch64-linux-android/26] ==> dir [/Users/kijin_seija/Library/Android/sdk/ndk/23.2.8568313/toolchains/llvm/prebuilt/darwin-x86_64/sysroot/usr/lib/aarch64-linux-android/26]
    arg [-L/Users/kijin_seija/Library/Android/sdk/ndk/23.2.8568313/toolchains/llvm/prebuilt/darwin-x86_64/sysroot/usr/lib/aarch64-linux-android] ==> dir [/Users/kijin_seija/Library/Android/sdk/ndk/23.2.8568313/toolchains/llvm/prebuilt/darwin-x86_64/sysroot/usr/lib/aarch64-linux-android]
    arg [-L/Users/kijin_seija/Library/Android/sdk/ndk/23.2.8568313/toolchains/llvm/prebuilt/darwin-x86_64/sysroot/usr/lib] ==> dir [/Users/kijin_seija/Library/Android/sdk/ndk/23.2.8568313/toolchains/llvm/prebuilt/darwin-x86_64/sysroot/usr/lib]
    arg [--build-id=sha1] ==> ignore
    arg [--no-rosegment] ==> ignore
    arg [--fatal-warnings] ==> ignore
    arg [--no-undefined] ==> ignore
    arg [--gc-sections] ==> ignore
    arg [CMakeFiles/cmTC_e3f3e.dir/CMakeCCompilerABI.c.o] ==> ignore
    arg [/Users/kijin_seija/Library/Android/sdk/ndk/23.2.8568313/toolchains/llvm/prebuilt/darwin-x86_64/lib64/clang/12.0.9/lib/linux/libclang_rt.builtins-aarch64-android.a] ==> lib [/Users/kijin_seija/Library/Android/sdk/ndk/23.2.8568313/toolchains/llvm/prebuilt/darwin-x86_64/lib64/clang/12.0.9/lib/linux/libclang_rt.builtins-aarch64-android.a]
    arg [-l:libunwind.a] ==> lib [-l:libunwind.a]
    arg [-ldl] ==> lib [dl]
    arg [-lc] ==> lib [c]
    arg [/Users/kijin_seija/Library/Android/sdk/ndk/23.2.8568313/toolchains/llvm/prebuilt/darwin-x86_64/lib64/clang/12.0.9/lib/linux/libclang_rt.builtins-aarch64-android.a] ==> lib [/Users/kijin_seija/Library/Android/sdk/ndk/23.2.8568313/toolchains/llvm/prebuilt/darwin-x86_64/lib64/clang/12.0.9/lib/linux/libclang_rt.builtins-aarch64-android.a]
    arg [-l:libunwind.a] ==> lib [-l:libunwind.a]
    arg [-ldl] ==> lib [dl]
    arg [/Users/kijin_seija/Library/Android/sdk/ndk/23.2.8568313/toolchains/llvm/prebuilt/darwin-x86_64/sysroot/usr/lib/aarch64-linux-android/26/crtend_android.o] ==> ignore
  remove lib [/Users/kijin_seija/Library/Android/sdk/ndk/23.2.8568313/toolchains/llvm/prebuilt/darwin-x86_64/lib64/clang/12.0.9/lib/linux/libclang_rt.builtins-aarch64-android.a]
  remove lib [/Users/kijin_seija/Library/Android/sdk/ndk/23.2.8568313/toolchains/llvm/prebuilt/darwin-x86_64/lib64/clang/12.0.9/lib/linux/libclang_rt.builtins-aarch64-android.a]
  collapse library dir [/Users/kijin_seija/Library/Android/sdk/ndk/23.2.8568313/toolchains/llvm/prebuilt/darwin-x86_64/lib64/clang/12.0.9/lib/linux/aarch64] ==> [/Users/kijin_seija/Library/Android/sdk/ndk/23.2.8568313/toolchains/llvm/prebuilt/darwin-x86_64/lib64/clang/12.0.9/lib/linux/aarch64]
  collapse library dir [/Users/kijin_seija/Library/Android/sdk/ndk/23.2.8568313/toolchains/llvm/prebuilt/darwin-x86_64/lib/gcc/aarch64-linux-android/4.9.x] ==> [/Users/kijin_seija/Library/Android/sdk/ndk/23.2.8568313/toolchains/llvm/prebuilt/darwin-x86_64/lib/gcc/aarch64-linux-android/4.9.x]
  collapse library dir [/Users/kijin_seija/Library/Android/sdk/ndk/23.2.8568313/toolchains/llvm/prebuilt/darwin-x86_64/sysroot/usr/lib/aarch64-linux-android/26] ==> [/Users/kijin_seija/Library/Android/sdk/ndk/23.2.8568313/toolchains/llvm/prebuilt/darwin-x86_64/sysroot/usr/lib/aarch64-linux-android/26]
  collapse library dir [/Users/kijin_seija/Library/Android/sdk/ndk/23.2.8568313/toolchains/llvm/prebuilt/darwin-x86_64/sysroot/usr/lib/aarch64-linux-android] ==> [/Users/kijin_seija/Library/Android/sdk/ndk/23.2.8568313/toolchains/llvm/prebuilt/darwin-x86_64/sysroot/usr/lib/aarch64-linux-android]
  collapse library dir [/Users/kijin_seija/Library/Android/sdk/ndk/23.2.8568313/toolchains/llvm/prebuilt/darwin-x86_64/sysroot/usr/lib] ==> [/Users/kijin_seija/Library/Android/sdk/ndk/23.2.8568313/toolchains/llvm/prebuilt/darwin-x86_64/sysroot/usr/lib]
  implicit libs: [-l:libunwind.a;dl;c;-l:libunwind.a;dl]
  implicit dirs: [/Users/kijin_seija/Library/Android/sdk/ndk/23.2.8568313/toolchains/llvm/prebuilt/darwin-x86_64/lib64/clang/12.0.9/lib/linux/aarch64;/Users/kijin_seija/Library/Android/sdk/ndk/23.2.8568313/toolchains/llvm/prebuilt/darwin-x86_64/lib/gcc/aarch64-linux-android/4.9.x;/Users/kijin_seija/Library/Android/sdk/ndk/23.2.8568313/toolchains/llvm/prebuilt/darwin-x86_64/sysroot/usr/lib/aarch64-linux-android/26;/Users/kijin_seija/Library/Android/sdk/ndk/23.2.8568313/toolchains/llvm/prebuilt/darwin-x86_64/sysroot/usr/lib/aarch64-linux-android;/Users/kijin_seija/Library/Android/sdk/ndk/23.2.8568313/toolchains/llvm/prebuilt/darwin-x86_64/sysroot/usr/lib]
  implicit fwks: []




Detecting C [-std=c11] compiler features compiled with the following output:
Change Dir: /Users/kijin_seija/Downloads/ncnn-android-yolov5-master/app/.cxx/cmake/release/arm64-v8a/CMakeFiles/CMakeTmp

Run Build Command:"/Users/kijin_seija/Library/Android/sdk/cmake/3.10.2.4988404/bin/ninja" "cmTC_d0dc5"
[1/2] Building C object CMakeFiles/cmTC_d0dc5.dir/feature_tests.c.o
[2/2] Linking C executable cmTC_d0dc5


    Feature record: C_FEATURE:1c_function_prototypes
    Feature record: C_FEATURE:1c_restrict
    Feature record: C_FEATURE:1c_static_assert
    Feature record: C_FEATURE:1c_variadic_macros


Detecting C [-std=c99] compiler features compiled with the following output:
Change Dir: /Users/kijin_seija/Downloads/ncnn-android-yolov5-master/app/.cxx/cmake/release/arm64-v8a/CMakeFiles/CMakeTmp

Run Build Command:"/Users/kijin_seija/Library/Android/sdk/cmake/3.10.2.4988404/bin/ninja" "cmTC_59867"
[1/2] Building C object CMakeFiles/cmTC_59867.dir/feature_tests.c.o
[2/2] Linking C executable cmTC_59867


    Feature record: C_FEATURE:1c_function_prototypes
    Feature record: C_FEATURE:1c_restrict
    Feature record: C_FEATURE:0c_static_assert
    Feature record: C_FEATURE:1c_variadic_macros


Detecting C [-std=c90] compiler features compiled with the following output:
Change Dir: /Users/kijin_seija/Downloads/ncnn-android-yolov5-master/app/.cxx/cmake/release/arm64-v8a/CMakeFiles/CMakeTmp

Run Build Command:"/Users/kijin_seija/Library/Android/sdk/cmake/3.10.2.4988404/bin/ninja" "cmTC_400e3"
[1/2] Building C object CMakeFiles/cmTC_400e3.dir/feature_tests.c.o
[2/2] Linking C executable cmTC_400e3


    Feature record: C_FEATURE:1c_function_prototypes
    Feature record: C_FEATURE:0c_restrict
    Feature record: C_FEATURE:0c_static_assert
    Feature record: C_FEATURE:0c_variadic_macros
Determining if the CXX compiler works passed with the following output:
Change Dir: /Users/kijin_seija/Downloads/ncnn-android-yolov5-master/app/.cxx/cmake/release/arm64-v8a/CMakeFiles/CMakeTmp

Run Build Command:"/Users/kijin_seija/Library/Android/sdk/cmake/3.10.2.4988404/bin/ninja" "cmTC_6d288"
[1/2] Building CXX object CMakeFiles/cmTC_6d288.dir/testCXXCompiler.cxx.o
[2/2] Linking CXX executable cmTC_6d288


Detecting CXX compiler ABI info compiled with the following output:
Change Dir: /Users/kijin_seija/Downloads/ncnn-android-yolov5-master/app/.cxx/cmake/release/arm64-v8a/CMakeFiles/CMakeTmp

Run Build Command:"/Users/kijin_seija/Library/Android/sdk/cmake/3.10.2.4988404/bin/ninja" "cmTC_bbb80"
[1/2] Building CXX object CMakeFiles/cmTC_bbb80.dir/CMakeCXXCompilerABI.cpp.o
[2/2] Linking CXX executable cmTC_bbb80
Android (8481493, based on r416183c2) clang version 12.0.9 (https://android.googlesource.com/toolchain/llvm-project c935d99d7cf2016289302412d708641d52d2f7ee)
Target: aarch64-none-linux-android26
Thread model: posix
InstalledDir: /Users/kijin_seija/Library/Android/sdk/ndk/23.2.8568313/toolchains/llvm/prebuilt/darwin-x86_64/bin
Found candidate GCC installation: /Users/kijin_seija/Library/Android/sdk/ndk/23.2.8568313/toolchains/llvm/prebuilt/darwin-x86_64/lib/gcc/aarch64-linux-android/4.9.x
Selected GCC installation: /Users/kijin_seija/Library/Android/sdk/ndk/23.2.8568313/toolchains/llvm/prebuilt/darwin-x86_64/lib/gcc/aarch64-linux-android/4.9.x
Candidate multilib: .;@m64
Selected multilib: .;@m64
 "/Users/kijin_seija/Library/Android/sdk/ndk/23.2.8568313/toolchains/llvm/prebuilt/darwin-x86_64/bin/ld" --sysroot=/Users/kijin_seija/Library/Android/sdk/ndk/23.2.8568313/toolchains/llvm/prebuilt/darwin-x86_64/sysroot -pie -z noexecstack -EL --fix-cortex-a53-843419 --warn-shared-textrel -z now -z relro -z max-page-size=4096 --hash-style=gnu --enable-new-dtags --eh-frame-hdr -m aarch64linux -dynamic-linker /system/bin/linker64 -o cmTC_bbb80 /Users/kijin_seija/Library/Android/sdk/ndk/23.2.8568313/toolchains/llvm/prebuilt/darwin-x86_64/sysroot/usr/lib/aarch64-linux-android/26/crtbegin_dynamic.o -L/Users/kijin_seija/Library/Android/sdk/ndk/23.2.8568313/toolchains/llvm/prebuilt/darwin-x86_64/lib64/clang/12.0.9/lib/linux/aarch64 -L/Users/kijin_seija/Library/Android/sdk/ndk/23.2.8568313/toolchains/llvm/prebuilt/darwin-x86_64/lib/gcc/aarch64-linux-android/4.9.x -L/Users/kijin_seija/Library/Android/sdk/ndk/23.2.8568313/toolchains/llvm/prebuilt/darwin-x86_64/sysroot/usr/lib/aarch64-linux-android/26 -L/Users/kijin_seija/Library/Android/sdk/ndk/23.2.8568313/toolchains/llvm/prebuilt/darwin-x86_64/sysroot/usr/lib/aarch64-linux-android -L/Users/kijin_seija/Library/Android/sdk/ndk/23.2.8568313/toolchains/llvm/prebuilt/darwin-x86_64/sysroot/usr/lib --build-id=sha1 --no-rosegment --fatal-warnings --no-undefined --gc-sections CMakeFiles/cmTC_bbb80.dir/CMakeCXXCompilerABI.cpp.o -Bstatic -lc++ -Bdynamic -lm /Users/kijin_seija/Library/Android/sdk/ndk/23.2.8568313/toolchains/llvm/prebuilt/darwin-x86_64/lib64/clang/12.0.9/lib/linux/libclang_rt.builtins-aarch64-android.a -l:libunwind.a -ldl -lc /Users/kijin_seija/Library/Android/sdk/ndk/23.2.8568313/toolchains/llvm/prebuilt/darwin-x86_64/lib64/clang/12.0.9/lib/linux/libclang_rt.builtins-aarch64-android.a -l:libunwind.a -ldl /Users/kijin_seija/Library/Android/sdk/ndk/23.2.8568313/toolchains/llvm/prebuilt/darwin-x86_64/sysroot/usr/lib/aarch64-linux-android/26/crtend_android.o


Parsed CXX implicit link information from above output:
  link line regex: [^( *|.*[/\])(CMAKE_LINKER-NOTFOUND|CMAKE_LINK_STARTFILE-NOTFOUND|([^/\]+-)?ld|collect2)[^/\]*( |$)]
  ignore line: [Change Dir: /Users/kijin_seija/Downloads/ncnn-android-yolov5-master/app/.cxx/cmake/release/arm64-v8a/CMakeFiles/CMakeTmp]
  ignore line: []
  ignore line: [Run Build Command:"/Users/kijin_seija/Library/Android/sdk/cmake/3.10.2.4988404/bin/ninja" "cmTC_bbb80"]
  ignore line: [[1/2] Building CXX object CMakeFiles/cmTC_bbb80.dir/CMakeCXXCompilerABI.cpp.o]
  ignore line: [[2/2] Linking CXX executable cmTC_bbb80]
  ignore line: [Android (8481493, based on r416183c2) clang version 12.0.9 (https://android.googlesource.com/toolchain/llvm-project c935d99d7cf2016289302412d708641d52d2f7ee)]
  ignore line: [Target: aarch64-none-linux-android26]
  ignore line: [Thread model: posix]
  ignore line: [InstalledDir: /Users/kijin_seija/Library/Android/sdk/ndk/23.2.8568313/toolchains/llvm/prebuilt/darwin-x86_64/bin]
  ignore line: [Found candidate GCC installation: /Users/kijin_seija/Library/Android/sdk/ndk/23.2.8568313/toolchains/llvm/prebuilt/darwin-x86_64/lib/gcc/aarch64-linux-android/4.9.x]
  ignore line: [Selected GCC installation: /Users/kijin_seija/Library/Android/sdk/ndk/23.2.8568313/toolchains/llvm/prebuilt/darwin-x86_64/lib/gcc/aarch64-linux-android/4.9.x]
  ignore line: [Candidate multilib: .]
  ignore line: [@m64]
  ignore line: [Selected multilib: .]
  ignore line: [@m64]
  link line: [ "/Users/kijin_seija/Library/Android/sdk/ndk/23.2.8568313/toolchains/llvm/prebuilt/darwin-x86_64/bin/ld" --sysroot=/Users/kijin_seija/Library/Android/sdk/ndk/23.2.8568313/toolchains/llvm/prebuilt/darwin-x86_64/sysroot -pie -z noexecstack -EL --fix-cortex-a53-843419 --warn-shared-textrel -z now -z relro -z max-page-size=4096 --hash-style=gnu --enable-new-dtags --eh-frame-hdr -m aarch64linux -dynamic-linker /system/bin/linker64 -o cmTC_bbb80 /Users/kijin_seija/Library/Android/sdk/ndk/23.2.8568313/toolchains/llvm/prebuilt/darwin-x86_64/sysroot/usr/lib/aarch64-linux-android/26/crtbegin_dynamic.o -L/Users/kijin_seija/Library/Android/sdk/ndk/23.2.8568313/toolchains/llvm/prebuilt/darwin-x86_64/lib64/clang/12.0.9/lib/linux/aarch64 -L/Users/kijin_seija/Library/Android/sdk/ndk/23.2.8568313/toolchains/llvm/prebuilt/darwin-x86_64/lib/gcc/aarch64-linux-android/4.9.x -L/Users/kijin_seija/Library/Android/sdk/ndk/23.2.8568313/toolchains/llvm/prebuilt/darwin-x86_64/sysroot/usr/lib/aarch64-linux-android/26 -L/Users/kijin_seija/Library/Android/sdk/ndk/23.2.8568313/toolchains/llvm/prebuilt/darwin-x86_64/sysroot/usr/lib/aarch64-linux-android -L/Users/kijin_seija/Library/Android/sdk/ndk/23.2.8568313/toolchains/llvm/prebuilt/darwin-x86_64/sysroot/usr/lib --build-id=sha1 --no-rosegment --fatal-warnings --no-undefined --gc-sections CMakeFiles/cmTC_bbb80.dir/CMakeCXXCompilerABI.cpp.o -Bstatic -lc++ -Bdynamic -lm /Users/kijin_seija/Library/Android/sdk/ndk/23.2.8568313/toolchains/llvm/prebuilt/darwin-x86_64/lib64/clang/12.0.9/lib/linux/libclang_rt.builtins-aarch64-android.a -l:libunwind.a -ldl -lc /Users/kijin_seija/Library/Android/sdk/ndk/23.2.8568313/toolchains/llvm/prebuilt/darwin-x86_64/lib64/clang/12.0.9/lib/linux/libclang_rt.builtins-aarch64-android.a -l:libunwind.a -ldl /Users/kijin_seija/Library/Android/sdk/ndk/23.2.8568313/toolchains/llvm/prebuilt/darwin-x86_64/sysroot/usr/lib/aarch64-linux-android/26/crtend_android.o]
    arg [/Users/kijin_seija/Library/Android/sdk/ndk/23.2.8568313/toolchains/llvm/prebuilt/darwin-x86_64/bin/ld] ==> ignore
    arg [--sysroot=/Users/kijin_seija/Library/Android/sdk/ndk/23.2.8568313/toolchains/llvm/prebuilt/darwin-x86_64/sysroot] ==> ignore
    arg [-pie] ==> ignore
    arg [-znoexecstack] ==> ignore
    arg [-EL] ==> ignore
    arg [--fix-cortex-a53-843419] ==> ignore
    arg [--warn-shared-textrel] ==> ignore
    arg [-znow] ==> ignore
    arg [-zrelro] ==> ignore
    arg [-zmax-page-size=4096] ==> ignore
    arg [--hash-style=gnu] ==> ignore
    arg [--enable-new-dtags] ==> ignore
    arg [--eh-frame-hdr] ==> ignore
    arg [-m] ==> ignore
    arg [aarch64linux] ==> ignore
    arg [-dynamic-linker] ==> ignore
    arg [/system/bin/linker64] ==> ignore
    arg [-o] ==> ignore
    arg [cmTC_bbb80] ==> ignore
    arg [/Users/kijin_seija/Library/Android/sdk/ndk/23.2.8568313/toolchains/llvm/prebuilt/darwin-x86_64/sysroot/usr/lib/aarch64-linux-android/26/crtbegin_dynamic.o] ==> ignore
    arg [-L/Users/kijin_seija/Library/Android/sdk/ndk/23.2.8568313/toolchains/llvm/prebuilt/darwin-x86_64/lib64/clang/12.0.9/lib/linux/aarch64] ==> dir [/Users/kijin_seija/Library/Android/sdk/ndk/23.2.8568313/toolchains/llvm/prebuilt/darwin-x86_64/lib64/clang/12.0.9/lib/linux/aarch64]
    arg [-L/Users/kijin_seija/Library/Android/sdk/ndk/23.2.8568313/toolchains/llvm/prebuilt/darwin-x86_64/lib/gcc/aarch64-linux-android/4.9.x] ==> dir [/Users/kijin_seija/Library/Android/sdk/ndk/23.2.8568313/toolchains/llvm/prebuilt/darwin-x86_64/lib/gcc/aarch64-linux-android/4.9.x]
    arg [-L/Users/kijin_seija/Library/Android/sdk/ndk/23.2.8568313/toolchains/llvm/prebuilt/darwin-x86_64/sysroot/usr/lib/aarch64-linux-android/26] ==> dir [/Users/kijin_seija/Library/Android/sdk/ndk/23.2.8568313/toolchains/llvm/prebuilt/darwin-x86_64/sysroot/usr/lib/aarch64-linux-android/26]
    arg [-L/Users/kijin_seija/Library/Android/sdk/ndk/23.2.8568313/toolchains/llvm/prebuilt/darwin-x86_64/sysroot/usr/lib/aarch64-linux-android] ==> dir [/Users/kijin_seija/Library/Android/sdk/ndk/23.2.8568313/toolchains/llvm/prebuilt/darwin-x86_64/sysroot/usr/lib/aarch64-linux-android]
    arg [-L/Users/kijin_seija/Library/Android/sdk/ndk/23.2.8568313/toolchains/llvm/prebuilt/darwin-x86_64/sysroot/usr/lib] ==> dir [/Users/kijin_seija/Library/Android/sdk/ndk/23.2.8568313/toolchains/llvm/prebuilt/darwin-x86_64/sysroot/usr/lib]
    arg [--build-id=sha1] ==> ignore
    arg [--no-rosegment] ==> ignore
    arg [--fatal-warnings] ==> ignore
    arg [--no-undefined] ==> ignore
    arg [--gc-sections] ==> ignore
    arg [CMakeFiles/cmTC_bbb80.dir/CMakeCXXCompilerABI.cpp.o] ==> ignore
    arg [-Bstatic] ==> ignore
    arg [-lc++] ==> lib [c++]
    arg [-Bdynamic] ==> ignore
    arg [-lm] ==> lib [m]
    arg [/Users/kijin_seija/Library/Android/sdk/ndk/23.2.8568313/toolchains/llvm/prebuilt/darwin-x86_64/lib64/clang/12.0.9/lib/linux/libclang_rt.builtins-aarch64-android.a] ==> lib [/Users/kijin_seija/Library/Android/sdk/ndk/23.2.8568313/toolchains/llvm/prebuilt/darwin-x86_64/lib64/clang/12.0.9/lib/linux/libclang_rt.builtins-aarch64-android.a]
    arg [-l:libunwind.a] ==> lib [-l:libunwind.a]
    arg [-ldl] ==> lib [dl]
    arg [-lc] ==> lib [c]
    arg [/Users/kijin_seija/Library/Android/sdk/ndk/23.2.8568313/toolchains/llvm/prebuilt/darwin-x86_64/lib64/clang/12.0.9/lib/linux/libclang_rt.builtins-aarch64-android.a] ==> lib [/Users/kijin_seija/Library/Android/sdk/ndk/23.2.8568313/toolchains/llvm/prebuilt/darwin-x86_64/lib64/clang/12.0.9/lib/linux/libclang_rt.builtins-aarch64-android.a]
    arg [-l:libunwind.a] ==> lib [-l:libunwind.a]
    arg [-ldl] ==> lib [dl]
    arg [/Users/kijin_seija/Library/Android/sdk/ndk/23.2.8568313/toolchains/llvm/prebuilt/darwin-x86_64/sysroot/usr/lib/aarch64-linux-android/26/crtend_android.o] ==> ignore
  remove lib [/Users/kijin_seija/Library/Android/sdk/ndk/23.2.8568313/toolchains/llvm/prebuilt/darwin-x86_64/lib64/clang/12.0.9/lib/linux/libclang_rt.builtins-aarch64-android.a]
  remove lib [/Users/kijin_seija/Library/Android/sdk/ndk/23.2.8568313/toolchains/llvm/prebuilt/darwin-x86_64/lib64/clang/12.0.9/lib/linux/libclang_rt.builtins-aarch64-android.a]
  collapse library dir [/Users/kijin_seija/Library/Android/sdk/ndk/23.2.8568313/toolchains/llvm/prebuilt/darwin-x86_64/lib64/clang/12.0.9/lib/linux/aarch64] ==> [/Users/kijin_seija/Library/Android/sdk/ndk/23.2.8568313/toolchains/llvm/prebuilt/darwin-x86_64/lib64/clang/12.0.9/lib/linux/aarch64]
  collapse library dir [/Users/kijin_seija/Library/Android/sdk/ndk/23.2.8568313/toolchains/llvm/prebuilt/darwin-x86_64/lib/gcc/aarch64-linux-android/4.9.x] ==> [/Users/kijin_seija/Library/Android/sdk/ndk/23.2.8568313/toolchains/llvm/prebuilt/darwin-x86_64/lib/gcc/aarch64-linux-android/4.9.x]
  collapse library dir [/Users/kijin_seija/Library/Android/sdk/ndk/23.2.8568313/toolchains/llvm/prebuilt/darwin-x86_64/sysroot/usr/lib/aarch64-linux-android/26] ==> [/Users/kijin_seija/Library/Android/sdk/ndk/23.2.8568313/toolchains/llvm/prebuilt/darwin-x86_64/sysroot/usr/lib/aarch64-linux-android/26]
  collapse library dir [/Users/kijin_seija/Library/Android/sdk/ndk/23.2.8568313/toolchains/llvm/prebuilt/darwin-x86_64/sysroot/usr/lib/aarch64-linux-android] ==> [/Users/kijin_seija/Library/Android/sdk/ndk/23.2.8568313/toolchains/llvm/prebuilt/darwin-x86_64/sysroot/usr/lib/aarch64-linux-android]
  collapse library dir [/Users/kijin_seija/Library/Android/sdk/ndk/23.2.8568313/toolchains/llvm/prebuilt/darwin-x86_64/sysroot/usr/lib] ==> [/Users/kijin_seija/Library/Android/sdk/ndk/23.2.8568313/toolchains/llvm/prebuilt/darwin-x86_64/sysroot/usr/lib]
  implicit libs: [c++;m;-l:libunwind.a;dl;c;-l:libunwind.a;dl]
  implicit dirs: [/Users/kijin_seija/Library/Android/sdk/ndk/23.2.8568313/toolchains/llvm/prebuilt/darwin-x86_64/lib64/clang/12.0.9/lib/linux/aarch64;/Users/kijin_seija/Library/Android/sdk/ndk/23.2.8568313/toolchains/llvm/prebuilt/darwin-x86_64/lib/gcc/aarch64-linux-android/4.9.x;/Users/kijin_seija/Library/Android/sdk/ndk/23.2.8568313/toolchains/llvm/prebuilt/darwin-x86_64/sysroot/usr/lib/aarch64-linux-android/26;/Users/kijin_seija/Library/Android/sdk/ndk/23.2.8568313/toolchains/llvm/prebuilt/darwin-x86_64/sysroot/usr/lib/aarch64-linux-android;/Users/kijin_seija/Library/Android/sdk/ndk/23.2.8568313/toolchains/llvm/prebuilt/darwin-x86_64/sysroot/usr/lib]
  implicit fwks: []




Detecting CXX [-std=c++1z] compiler features compiled with the following output:
Change Dir: /Users/kijin_seija/Downloads/ncnn-android-yolov5-master/app/.cxx/cmake/release/arm64-v8a/CMakeFiles/CMakeTmp

Run Build Command:"/Users/kijin_seija/Library/Android/sdk/cmake/3.10.2.4988404/bin/ninja" "cmTC_60373"
[1/2] Building CXX object CMakeFiles/cmTC_60373.dir/feature_tests.cxx.o
[2/2] Linking CXX executable cmTC_60373


    Feature record: CXX_FEATURE:1cxx_aggregate_default_initializers
    Feature record: CXX_FEATURE:1cxx_alias_templates
    Feature record: CXX_FEATURE:1cxx_alignas
    Feature record: CXX_FEATURE:1cxx_alignof
    Feature record: CXX_FEATURE:1cxx_attributes
    Feature record: CXX_FEATURE:1cxx_attribute_deprecated
    Feature record: CXX_FEATURE:1cxx_auto_type
    Feature record: CXX_FEATURE:1cxx_binary_literals
    Feature record: CXX_FEATURE:1cxx_constexpr
    Feature record: CXX_FEATURE:1cxx_contextual_conversions
    Feature record: CXX_FEATURE:1cxx_decltype
    Feature record: CXX_FEATURE:1cxx_decltype_auto
    Feature record: CXX_FEATURE:1cxx_decltype_incomplete_return_types
    Feature record: CXX_FEATURE:1cxx_default_function_template_args
    Feature record: CXX_FEATURE:1cxx_defaulted_functions
    Feature record: CXX_FEATURE:1cxx_defaulted_move_initializers
    Feature record: CXX_FEATURE:1cxx_delegating_constructors
    Feature record: CXX_FEATURE:1cxx_deleted_functions
    Feature record: CXX_FEATURE:1cxx_digit_separators
    Feature record: CXX_FEATURE:1cxx_enum_forward_declarations
    Feature record: CXX_FEATURE:1cxx_explicit_conversions
    Feature record: CXX_FEATURE:1cxx_extended_friend_declarations
    Feature record: CXX_FEATURE:1cxx_extern_templates
    Feature record: CXX_FEATURE:1cxx_final
    Feature record: CXX_FEATURE:1cxx_func_identifier
    Feature record: CXX_FEATURE:1cxx_generalized_initializers
    Feature record: CXX_FEATURE:1cxx_generic_lambdas
    Feature record: CXX_FEATURE:1cxx_inheriting_constructors
    Feature record: CXX_FEATURE:1cxx_inline_namespaces
    Feature record: CXX_FEATURE:1cxx_lambdas
    Feature record: CXX_FEATURE:1cxx_lambda_init_captures
    Feature record: CXX_FEATURE:1cxx_local_type_template_args
    Feature record: CXX_FEATURE:1cxx_long_long_type
    Feature record: CXX_FEATURE:1cxx_noexcept
    Feature record: CXX_FEATURE:1cxx_nonstatic_member_init
    Feature record: CXX_FEATURE:1cxx_nullptr
    Feature record: CXX_FEATURE:1cxx_override
    Feature record: CXX_FEATURE:1cxx_range_for
    Feature record: CXX_FEATURE:1cxx_raw_string_literals
    Feature record: CXX_FEATURE:1cxx_reference_qualified_functions
    Feature record: CXX_FEATURE:1cxx_relaxed_constexpr
    Feature record: CXX_FEATURE:1cxx_return_type_deduction
    Feature record: CXX_FEATURE:1cxx_right_angle_brackets
    Feature record: CXX_FEATURE:1cxx_rvalue_references
    Feature record: CXX_FEATURE:1cxx_sizeof_member
    Feature record: CXX_FEATURE:1cxx_static_assert
    Feature record: CXX_FEATURE:1cxx_strong_enums
    Feature record: CXX_FEATURE:1cxx_template_template_parameters
    Feature record: CXX_FEATURE:1cxx_thread_local
    Feature record: CXX_FEATURE:1cxx_trailing_return_types
    Feature record: CXX_FEATURE:1cxx_unicode_literals
    Feature record: CXX_FEATURE:1cxx_uniform_initialization
    Feature record: CXX_FEATURE:1cxx_unrestricted_unions
    Feature record: CXX_FEATURE:1cxx_user_literals
    Feature record: CXX_FEATURE:1cxx_variable_templates
    Feature record: CXX_FEATURE:1cxx_variadic_macros
    Feature record: CXX_FEATURE:1cxx_variadic_templates


Detecting CXX [-std=c++14] compiler features compiled with the following output:
Change Dir: /Users/kijin_seija/Downloads/ncnn-android-yolov5-master/app/.cxx/cmake/release/arm64-v8a/CMakeFiles/CMakeTmp

Run Build Command:"/Users/kijin_seija/Library/Android/sdk/cmake/3.10.2.4988404/bin/ninja" "cmTC_49a15"
[1/2] Building CXX object CMakeFiles/cmTC_49a15.dir/feature_tests.cxx.o
[2/2] Linking CXX executable cmTC_49a15


    Feature record: CXX_FEATURE:1cxx_aggregate_default_initializers
    Feature record: CXX_FEATURE:1cxx_alias_templates
    Feature record: CXX_FEATURE:1cxx_alignas
    Feature record: CXX_FEATURE:1cxx_alignof
    Feature record: CXX_FEATURE:1cxx_attributes
    Feature record: CXX_FEATURE:1cxx_attribute_deprecated
    Feature record: CXX_FEATURE:1cxx_auto_type
    Feature record: CXX_FEATURE:1cxx_binary_literals
    Feature record: CXX_FEATURE:1cxx_constexpr
    Feature record: CXX_FEATURE:1cxx_contextual_conversions
    Feature record: CXX_FEATURE:1cxx_decltype
    Feature record: CXX_FEATURE:1cxx_decltype_auto
    Feature record: CXX_FEATURE:1cxx_decltype_incomplete_return_types
    Feature record: CXX_FEATURE:1cxx_default_function_template_args
    Feature record: CXX_FEATURE:1cxx_defaulted_functions
    Feature record: CXX_FEATURE:1cxx_defaulted_move_initializers
    Feature record: CXX_FEATURE:1cxx_delegating_constructors
    Feature record: CXX_FEATURE:1cxx_deleted_functions
    Feature record: CXX_FEATURE:1cxx_digit_separators
    Feature record: CXX_FEATURE:1cxx_enum_forward_declarations
    Feature record: CXX_FEATURE:1cxx_explicit_conversions
    Feature record: CXX_FEATURE:1cxx_extended_friend_declarations
    Feature record: CXX_FEATURE:1cxx_extern_templates
    Feature record: CXX_FEATURE:1cxx_final
    Feature record: CXX_FEATURE:1cxx_func_identifier
    Feature record: CXX_FEATURE:1cxx_generalized_initializers
    Feature record: CXX_FEATURE:1cxx_generic_lambdas
    Feature record: CXX_FEATURE:1cxx_inheriting_constructors
    Feature record: CXX_FEATURE:1cxx_inline_namespaces
    Feature record: CXX_FEATURE:1cxx_lambdas
    Feature record: CXX_FEATURE:1cxx_lambda_init_captures
    Feature record: CXX_FEATURE:1cxx_local_type_template_args
    Feature record: CXX_FEATURE:1cxx_long_long_type
    Feature record: CXX_FEATURE:1cxx_noexcept
    Feature record: CXX_FEATURE:1cxx_nonstatic_member_init
    Feature record: CXX_FEATURE:1cxx_nullptr
    Feature record: CXX_FEATURE:1cxx_override
    Feature record: CXX_FEATURE:1cxx_range_for
    Feature record: CXX_FEATURE:1cxx_raw_string_literals
    Feature record: CXX_FEATURE:1cxx_reference_qualified_functions
    Feature record: CXX_FEATURE:1cxx_relaxed_constexpr
    Feature record: CXX_FEATURE:1cxx_return_type_deduction
    Feature record: CXX_FEATURE:1cxx_right_angle_brackets
    Feature record: CXX_FEATURE:1cxx_rvalue_references
    Feature record: CXX_FEATURE:1cxx_sizeof_member
    Feature record: CXX_FEATURE:1cxx_static_assert
    Feature record: CXX_FEATURE:1cxx_strong_enums
    Feature record: CXX_FEATURE:1cxx_template_template_parameters
    Feature record: CXX_FEATURE:1cxx_thread_local
    Feature record: CXX_FEATURE:1cxx_trailing_return_types
    Feature record: CXX_FEATURE:1cxx_unicode_literals
    Feature record: CXX_FEATURE:1cxx_uniform_initialization
    Feature record: CXX_FEATURE:1cxx_unrestricted_unions
    Feature record: CXX_FEATURE:1cxx_user_literals
    Feature record: CXX_FEATURE:1cxx_variable_templates
    Feature record: CXX_FEATURE:1cxx_variadic_macros
    Feature record: CXX_FEATURE:1cxx_variadic_templates


Detecting CXX [-std=c++11] compiler features compiled with the following output:
Change Dir: /Users/kijin_seija/Downloads/ncnn-android-yolov5-master/app/.cxx/cmake/release/arm64-v8a/CMakeFiles/CMakeTmp

Run Build Command:"/Users/kijin_seija/Library/Android/sdk/cmake/3.10.2.4988404/bin/ninja" "cmTC_717b2"
[1/2] Building CXX object CMakeFiles/cmTC_717b2.dir/feature_tests.cxx.o
[2/2] Linking CXX executable cmTC_717b2


    Feature record: CXX_FEATURE:0cxx_aggregate_default_initializers
    Feature record: CXX_FEATURE:1cxx_alias_templates
    Feature record: CXX_FEATURE:1cxx_alignas
    Feature record: CXX_FEATURE:1cxx_alignof
    Feature record: CXX_FEATURE:1cxx_attributes
    Feature record: CXX_FEATURE:0cxx_attribute_deprecated
    Feature record: CXX_FEATURE:1cxx_auto_type
    Feature record: CXX_FEATURE:0cxx_binary_literals
    Feature record: CXX_FEATURE:1cxx_constexpr
    Feature record: CXX_FEATURE:0cxx_contextual_conversions
    Feature record: CXX_FEATURE:1cxx_decltype
    Feature record: CXX_FEATURE:0cxx_decltype_auto
    Feature record: CXX_FEATURE:1cxx_decltype_incomplete_return_types
    Feature record: CXX_FEATURE:1cxx_default_function_template_args
    Feature record: CXX_FEATURE:1cxx_defaulted_functions
    Feature record: CXX_FEATURE:1cxx_defaulted_move_initializers
    Feature record: CXX_FEATURE:1cxx_delegating_constructors
    Feature record: CXX_FEATURE:1cxx_deleted_functions
    Feature record: CXX_FEATURE:0cxx_digit_separators
    Feature record: CXX_FEATURE:1cxx_enum_forward_declarations
    Feature record: CXX_FEATURE:1cxx_explicit_conversions
    Feature record: CXX_FEATURE:1cxx_extended_friend_declarations
    Feature record: CXX_FEATURE:1cxx_extern_templates
    Feature record: CXX_FEATURE:1cxx_final
    Feature record: CXX_FEATURE:1cxx_func_identifier
    Feature record: CXX_FEATURE:1cxx_generalized_initializers
    Feature record: CXX_FEATURE:0cxx_generic_lambdas
    Feature record: CXX_FEATURE:1cxx_inheriting_constructors
    Feature record: CXX_FEATURE:1cxx_inline_namespaces
    Feature record: CXX_FEATURE:1cxx_lambdas
    Feature record: CXX_FEATURE:0cxx_lambda_init_captures
    Feature record: CXX_FEATURE:1cxx_local_type_template_args
    Feature record: CXX_FEATURE:1cxx_long_long_type
    Feature record: CXX_FEATURE:1cxx_noexcept
    Feature record: CXX_FEATURE:1cxx_nonstatic_member_init
    Feature record: CXX_FEATURE:1cxx_nullptr
    Feature record: CXX_FEATURE:1cxx_override
    Feature record: CXX_FEATURE:1cxx_range_for
    Feature record: CXX_FEATURE:1cxx_raw_string_literals
    Feature record: CXX_FEATURE:1cxx_reference_qualified_functions
    Feature record: CXX_FEATURE:0cxx_relaxed_constexpr
    Feature record: CXX_FEATURE:0cxx_return_type_deduction
    Feature record: CXX_FEATURE:1cxx_right_angle_brackets
    Feature record: CXX_FEATURE:1cxx_rvalue_references
    Feature record: CXX_FEATURE:1cxx_sizeof_member
    Feature record: CXX_FEATURE:1cxx_static_assert
    Feature record: CXX_FEATURE:1cxx_strong_enums
    Feature record: CXX_FEATURE:1cxx_template_template_parameters
    Feature record: CXX_FEATURE:1cxx_thread_local
    Feature record: CXX_FEATURE:1cxx_trailing_return_types
    Feature record: CXX_FEATURE:1cxx_unicode_literals
    Feature record: CXX_FEATURE:1cxx_uniform_initialization
    Feature record: CXX_FEATURE:1cxx_unrestricted_unions
    Feature record: CXX_FEATURE:1cxx_user_literals
    Feature record: CXX_FEATURE:0cxx_variable_templates
    Feature record: CXX_FEATURE:1cxx_variadic_macros
    Feature record: CXX_FEATURE:1cxx_variadic_templates


Detecting CXX [-std=c++98] compiler features compiled with the following output:
Change Dir: /Users/kijin_seija/Downloads/ncnn-android-yolov5-master/app/.cxx/cmake/release/arm64-v8a/CMakeFiles/CMakeTmp

Run Build Command:"/Users/kijin_seija/Library/Android/sdk/cmake/3.10.2.4988404/bin/ninja" "cmTC_0fffd"
[1/2] Building CXX object CMakeFiles/cmTC_0fffd.dir/feature_tests.cxx.o
[2/2] Linking CXX executable cmTC_0fffd


    Feature record: CXX_FEATURE:0cxx_aggregate_default_initializers
    Feature record: CXX_FEATURE:0cxx_alias_templates
    Feature record: CXX_FEATURE:0cxx_alignas
    Feature record: CXX_FEATURE:0cxx_alignof
    Feature record: CXX_FEATURE:0cxx_attributes
    Feature record: CXX_FEATURE:0cxx_attribute_deprecated
    Feature record: CXX_FEATURE:0cxx_auto_type
    Feature record: CXX_FEATURE:0cxx_binary_literals
    Feature record: CXX_FEATURE:0cxx_constexpr
    Feature record: CXX_FEATURE:0cxx_contextual_conversions
    Feature record: CXX_FEATURE:0cxx_decltype
    Feature record: CXX_FEATURE:0cxx_decltype_auto
    Feature record: CXX_FEATURE:0cxx_decltype_incomplete_return_types
    Feature record: CXX_FEATURE:0cxx_default_function_template_args
    Feature record: CXX_FEATURE:0cxx_defaulted_functions
    Feature record: CXX_FEATURE:0cxx_defaulted_move_initializers
    Feature record: CXX_FEATURE:0cxx_delegating_constructors
    Feature record: CXX_FEATURE:0cxx_deleted_functions
    Feature record: CXX_FEATURE:0cxx_digit_separators
    Feature record: CXX_FEATURE:0cxx_enum_forward_declarations
    Feature record: CXX_FEATURE:0cxx_explicit_conversions
    Feature record: CXX_FEATURE:0cxx_extended_friend_declarations
    Feature record: CXX_FEATURE:0cxx_extern_templates
    Feature record: CXX_FEATURE:0cxx_final
    Feature record: CXX_FEATURE:0cxx_func_identifier
    Feature record: CXX_FEATURE:0cxx_generalized_initializers
    Feature record: CXX_FEATURE:0cxx_generic_lambdas
    Feature record: CXX_FEATURE:0cxx_inheriting_constructors
    Feature record: CXX_FEATURE:0cxx_inline_namespaces
    Feature record: CXX_FEATURE:0cxx_lambdas
    Feature record: CXX_FEATURE:0cxx_lambda_init_captures
    Feature record: CXX_FEATURE:0cxx_local_type_template_args
    Feature record: CXX_FEATURE:0cxx_long_long_type
    Feature record: CXX_FEATURE:0cxx_noexcept
    Feature record: CXX_FEATURE:0cxx_nonstatic_member_init
    Feature record: CXX_FEATURE:0cxx_nullptr
    Feature record: CXX_FEATURE:0cxx_override
    Feature record: CXX_FEATURE:0cxx_range_for
    Feature record: CXX_FEATURE:0cxx_raw_string_literals
    Feature record: CXX_FEATURE:0cxx_reference_qualified_functions
    Feature record: CXX_FEATURE:0cxx_relaxed_constexpr
    Feature record: CXX_FEATURE:0cxx_return_type_deduction
    Feature record: CXX_FEATURE:0cxx_right_angle_brackets
    Feature record: CXX_FEATURE:0cxx_rvalue_references
    Feature record: CXX_FEATURE:0cxx_sizeof_member
    Feature record: CXX_FEATURE:0cxx_static_assert
    Feature record: CXX_FEATURE:0cxx_strong_enums
    Feature record: CXX_FEATURE:1cxx_template_template_parameters
    Feature record: CXX_FEATURE:0cxx_thread_local
    Feature record: CXX_FEATURE:0cxx_trailing_return_types
    Feature record: CXX_FEATURE:0cxx_unicode_literals
    Feature record: CXX_FEATURE:0cxx_uniform_initialization
    Feature record: CXX_FEATURE:0cxx_unrestricted_unions
    Feature record: CXX_FEATURE:0cxx_user_literals
    Feature record: CXX_FEATURE:0cxx_variable_templates
    Feature record: CXX_FEATURE:0cxx_variadic_macros
    Feature record: CXX_FEATURE:0cxx_variadic_templates
Detecting C OpenMP compiler ABI info compiled with the following output:
Change Dir: /Users/kijin_seija/Downloads/ncnn-android-yolov5-master/app/.cxx/cmake/release/arm64-v8a/CMakeFiles/CMakeTmp

Run Build Command:"/Users/kijin_seija/Library/Android/sdk/cmake/3.10.2.4988404/bin/ninja" "cmTC_f7395"
[1/2] Building C object CMakeFiles/cmTC_f7395.dir/OpenMPTryFlag.c.o
Android (8481493, based on r416183c2) clang version 12.0.9 (https://android.googlesource.com/toolchain/llvm-project c935d99d7cf2016289302412d708641d52d2f7ee)
Target: aarch64-none-linux-android26
Thread model: posix
InstalledDir: /Users/kijin_seija/Library/Android/sdk/ndk/23.2.8568313/toolchains/llvm/prebuilt/darwin-x86_64/bin
Found candidate GCC installation: /Users/kijin_seija/Library/Android/sdk/ndk/23.2.8568313/toolchains/llvm/prebuilt/darwin-x86_64/lib/gcc/aarch64-linux-android/4.9.x
Selected GCC installation: /Users/kijin_seija/Library/Android/sdk/ndk/23.2.8568313/toolchains/llvm/prebuilt/darwin-x86_64/lib/gcc/aarch64-linux-android/4.9.x
Candidate multilib: .;@m64
Selected multilib: .;@m64
 (in-process)
 "/Users/kijin_seija/Library/Android/sdk/ndk/23.2.8568313/toolchains/llvm/prebuilt/darwin-x86_64/bin/clang" -cc1 -triple aarch64-none-linux-android26 -emit-obj -mrelax-all --mrelax-relocations -mnoexecstack -disable-free -disable-llvm-verifier -discard-value-names -main-file-name OpenMPTryFlag.c -mrelocation-model pic -pic-level 2 -pic-is-pie -mframe-pointer=non-leaf -fno-rounding-math -mconstructor-aliases -munwind-tables -target-cpu generic -target-feature +neon -target-abi aapcs -mllvm -aarch64-fix-cortex-a53-835769=1 -fallow-half-arguments-and-returns -fno-split-dwarf-inlining -debug-info-kind=limited -dwarf-version=4 -debugger-tuning=gdb -target-linker-version 711 -v -ffunction-sections -fdata-sections -resource-dir /Users/kijin_seija/Library/Android/sdk/ndk/23.2.8568313/toolchains/llvm/prebuilt/darwin-x86_64/lib64/clang/12.0.9 -D ANDROID -D _FORTIFY_SOURCE=2 -isysroot /Users/kijin_seija/Library/Android/sdk/ndk/23.2.8568313/toolchains/llvm/prebuilt/darwin-x86_64/sysroot -internal-isystem /Users/kijin_seija/Library/Android/sdk/ndk/23.2.8568313/toolchains/llvm/prebuilt/darwin-x86_64/sysroot/usr/local/include -internal-isystem /Users/kijin_seija/Library/Android/sdk/ndk/23.2.8568313/toolchains/llvm/prebuilt/darwin-x86_64/lib64/clang/12.0.9/include -internal-externc-isystem /Users/kijin_seija/Library/Android/sdk/ndk/23.2.8568313/toolchains/llvm/prebuilt/darwin-x86_64/sysroot/usr/include/aarch64-linux-android -internal-externc-isystem /Users/kijin_seija/Library/Android/sdk/ndk/23.2.8568313/toolchains/llvm/prebuilt/darwin-x86_64/sysroot/include -internal-externc-isystem /Users/kijin_seija/Library/Android/sdk/ndk/23.2.8568313/toolchains/llvm/prebuilt/darwin-x86_64/sysroot/usr/include -Wformat -Werror=format-security -fdebug-compilation-dir /Users/kijin_seija/Downloads/ncnn-android-yolov5-master/app/.cxx/cmake/release/arm64-v8a/CMakeFiles/CMakeTmp -ferror-limit 19 -fopenmp -fopenmp-cuda-parallel-target-regions -stack-protector 2 -fno-signed-char -fgnuc-version=4.2.1 -o CMakeFiles/cmTC_f7395.dir/OpenMPTryFlag.c.o -x c /Users/kijin_seija/Downloads/ncnn-android-yolov5-master/app/.cxx/cmake/release/arm64-v8a/CMakeFiles/FindOpenMP/OpenMPTryFlag.c
clang -cc1 version 12.0.9 based upon LLVM 12.0.9git default target x86_64-apple-darwin22.1.0
ignoring nonexistent directory "/Users/kijin_seija/Library/Android/sdk/ndk/23.2.8568313/toolchains/llvm/prebuilt/darwin-x86_64/sysroot/include"
#include "..." search starts here:
#include <...> search starts here:
 /Users/kijin_seija/Library/Android/sdk/ndk/23.2.8568313/toolchains/llvm/prebuilt/darwin-x86_64/sysroot/usr/local/include
 /Users/kijin_seija/Library/Android/sdk/ndk/23.2.8568313/toolchains/llvm/prebuilt/darwin-x86_64/lib64/clang/12.0.9/include
 /Users/kijin_seija/Library/Android/sdk/ndk/23.2.8568313/toolchains/llvm/prebuilt/darwin-x86_64/sysroot/usr/include/aarch64-linux-android
 /Users/kijin_seija/Library/Android/sdk/ndk/23.2.8568313/toolchains/llvm/prebuilt/darwin-x86_64/sysroot/usr/include
End of search list.
[2/2] Linking C executable cmTC_f7395
Android (8481493, based on r416183c2) clang version 12.0.9 (https://android.googlesource.com/toolchain/llvm-project c935d99d7cf2016289302412d708641d52d2f7ee)
Target: aarch64-none-linux-android26
Thread model: posix
InstalledDir: /Users/kijin_seija/Library/Android/sdk/ndk/23.2.8568313/toolchains/llvm/prebuilt/darwin-x86_64/bin
Found candidate GCC installation: /Users/kijin_seija/Library/Android/sdk/ndk/23.2.8568313/toolchains/llvm/prebuilt/darwin-x86_64/lib/gcc/aarch64-linux-android/4.9.x
Selected GCC installation: /Users/kijin_seija/Library/Android/sdk/ndk/23.2.8568313/toolchains/llvm/prebuilt/darwin-x86_64/lib/gcc/aarch64-linux-android/4.9.x
Candidate multilib: .;@m64
Selected multilib: .;@m64
 "/Users/kijin_seija/Library/Android/sdk/ndk/23.2.8568313/toolchains/llvm/prebuilt/darwin-x86_64/bin/ld" --sysroot=/Users/kijin_seija/Library/Android/sdk/ndk/23.2.8568313/toolchains/llvm/prebuilt/darwin-x86_64/sysroot -pie -z noexecstack -EL --fix-cortex-a53-843419 --warn-shared-textrel -z now -z relro -z max-page-size=4096 --hash-style=gnu --enable-new-dtags --eh-frame-hdr -m aarch64linux -dynamic-linker /system/bin/linker64 -o cmTC_f7395 /Users/kijin_seija/Library/Android/sdk/ndk/23.2.8568313/toolchains/llvm/prebuilt/darwin-x86_64/sysroot/usr/lib/aarch64-linux-android/26/crtbegin_dynamic.o -L/Users/kijin_seija/Library/Android/sdk/ndk/23.2.8568313/toolchains/llvm/prebuilt/darwin-x86_64/lib64/clang/12.0.9/lib/linux/aarch64 -L/Users/kijin_seija/Library/Android/sdk/ndk/23.2.8568313/toolchains/llvm/prebuilt/darwin-x86_64/lib/gcc/aarch64-linux-android/4.9.x -L/Users/kijin_seija/Library/Android/sdk/ndk/23.2.8568313/toolchains/llvm/prebuilt/darwin-x86_64/sysroot/usr/lib/aarch64-linux-android/26 -L/Users/kijin_seija/Library/Android/sdk/ndk/23.2.8568313/toolchains/llvm/prebuilt/darwin-x86_64/sysroot/usr/lib/aarch64-linux-android -L/Users/kijin_seija/Library/Android/sdk/ndk/23.2.8568313/toolchains/llvm/prebuilt/darwin-x86_64/sysroot/usr/lib --build-id=sha1 --no-rosegment --fatal-warnings --no-undefined --gc-sections CMakeFiles/cmTC_f7395.dir/OpenMPTryFlag.c.o -latomic -lm -lomp /Users/kijin_seija/Library/Android/sdk/ndk/23.2.8568313/toolchains/llvm/prebuilt/darwin-x86_64/lib64/clang/12.0.9/lib/linux/libclang_rt.builtins-aarch64-android.a -l:libunwind.a -ldl -lc /Users/kijin_seija/Library/Android/sdk/ndk/23.2.8568313/toolchains/llvm/prebuilt/darwin-x86_64/lib64/clang/12.0.9/lib/linux/libclang_rt.builtins-aarch64-android.a -l:libunwind.a -ldl /Users/kijin_seija/Library/Android/sdk/ndk/23.2.8568313/toolchains/llvm/prebuilt/darwin-x86_64/sysroot/usr/lib/aarch64-linux-android/26/crtend_android.o


Parsed C OpenMP implicit link information from above output:
  link line regex: [^( *|.*[/\])(CMAKE_LINKER-NOTFOUND|CMAKE_LINK_STARTFILE-NOTFOUND|([^/\]+-)?ld|collect2)[^/\]*( |$)]
  ignore line: [Change Dir: /Users/kijin_seija/Downloads/ncnn-android-yolov5-master/app/.cxx/cmake/release/arm64-v8a/CMakeFiles/CMakeTmp]
  ignore line: []
  ignore line: [Run Build Command:"/Users/kijin_seija/Library/Android/sdk/cmake/3.10.2.4988404/bin/ninja" "cmTC_f7395"]
  ignore line: [[1/2] Building C object CMakeFiles/cmTC_f7395.dir/OpenMPTryFlag.c.o]
  ignore line: [Android (8481493, based on r416183c2) clang version 12.0.9 (https://android.googlesource.com/toolchain/llvm-project c935d99d7cf2016289302412d708641d52d2f7ee)]
  ignore line: [Target: aarch64-none-linux-android26]
  ignore line: [Thread model: posix]
  ignore line: [InstalledDir: /Users/kijin_seija/Library/Android/sdk/ndk/23.2.8568313/toolchains/llvm/prebuilt/darwin-x86_64/bin]
  ignore line: [Found candidate GCC installation: /Users/kijin_seija/Library/Android/sdk/ndk/23.2.8568313/toolchains/llvm/prebuilt/darwin-x86_64/lib/gcc/aarch64-linux-android/4.9.x]
  ignore line: [Selected GCC installation: /Users/kijin_seija/Library/Android/sdk/ndk/23.2.8568313/toolchains/llvm/prebuilt/darwin-x86_64/lib/gcc/aarch64-linux-android/4.9.x]
  ignore line: [Candidate multilib: .]
  ignore line: [@m64]
  ignore line: [Selected multilib: .]
  ignore line: [@m64]
  ignore line: [ (in-process)]
  ignore line: [ "/Users/kijin_seija/Library/Android/sdk/ndk/23.2.8568313/toolchains/llvm/prebuilt/darwin-x86_64/bin/clang" -cc1 -triple aarch64-none-linux-android26 -emit-obj -mrelax-all --mrelax-relocations -mnoexecstack -disable-free -disable-llvm-verifier -discard-value-names -main-file-name OpenMPTryFlag.c -mrelocation-model pic -pic-level 2 -pic-is-pie -mframe-pointer=non-leaf -fno-rounding-math -mconstructor-aliases -munwind-tables -target-cpu generic -target-feature +neon -target-abi aapcs -mllvm -aarch64-fix-cortex-a53-835769=1 -fallow-half-arguments-and-returns -fno-split-dwarf-inlining -debug-info-kind=limited -dwarf-version=4 -debugger-tuning=gdb -target-linker-version 711 -v -ffunction-sections -fdata-sections -resource-dir /Users/kijin_seija/Library/Android/sdk/ndk/23.2.8568313/toolchains/llvm/prebuilt/darwin-x86_64/lib64/clang/12.0.9 -D ANDROID -D _FORTIFY_SOURCE=2 -isysroot /Users/kijin_seija/Library/Android/sdk/ndk/23.2.8568313/toolchains/llvm/prebuilt/darwin-x86_64/sysroot -internal-isystem /Users/kijin_seija/Library/Android/sdk/ndk/23.2.8568313/toolchains/llvm/prebuilt/darwin-x86_64/sysroot/usr/local/include -internal-isystem /Users/kijin_seija/Library/Android/sdk/ndk/23.2.8568313/toolchains/llvm/prebuilt/darwin-x86_64/lib64/clang/12.0.9/include -internal-externc-isystem /Users/kijin_seija/Library/Android/sdk/ndk/23.2.8568313/toolchains/llvm/prebuilt/darwin-x86_64/sysroot/usr/include/aarch64-linux-android -internal-externc-isystem /Users/kijin_seija/Library/Android/sdk/ndk/23.2.8568313/toolchains/llvm/prebuilt/darwin-x86_64/sysroot/include -internal-externc-isystem /Users/kijin_seija/Library/Android/sdk/ndk/23.2.8568313/toolchains/llvm/prebuilt/darwin-x86_64/sysroot/usr/include -Wformat -Werror=format-security -fdebug-compilation-dir /Users/kijin_seija/Downloads/ncnn-android-yolov5-master/app/.cxx/cmake/release/arm64-v8a/CMakeFiles/CMakeTmp -ferror-limit 19 -fopenmp -fopenmp-cuda-parallel-target-regions -stack-protector 2 -fno-signed-char -fgnuc-version=4.2.1 -o CMakeFiles/cmTC_f7395.dir/OpenMPTryFlag.c.o -x c /Users/kijin_seija/Downloads/ncnn-android-yolov5-master/app/.cxx/cmake/release/arm64-v8a/CMakeFiles/FindOpenMP/OpenMPTryFlag.c]
  ignore line: [clang -cc1 version 12.0.9 based upon LLVM 12.0.9git default target x86_64-apple-darwin22.1.0]
  ignore line: [ignoring nonexistent directory "/Users/kijin_seija/Library/Android/sdk/ndk/23.2.8568313/toolchains/llvm/prebuilt/darwin-x86_64/sysroot/include"]
  ignore line: [#include "..." search starts here:]
  ignore line: [#include <...> search starts here:]
  ignore line: [ /Users/kijin_seija/Library/Android/sdk/ndk/23.2.8568313/toolchains/llvm/prebuilt/darwin-x86_64/sysroot/usr/local/include]
  ignore line: [ /Users/kijin_seija/Library/Android/sdk/ndk/23.2.8568313/toolchains/llvm/prebuilt/darwin-x86_64/lib64/clang/12.0.9/include]
  ignore line: [ /Users/kijin_seija/Library/Android/sdk/ndk/23.2.8568313/toolchains/llvm/prebuilt/darwin-x86_64/sysroot/usr/include/aarch64-linux-android]
  ignore line: [ /Users/kijin_seija/Library/Android/sdk/ndk/23.2.8568313/toolchains/llvm/prebuilt/darwin-x86_64/sysroot/usr/include]
  ignore line: [End of search list.]
  ignore line: [[2/2] Linking C executable cmTC_f7395]
  ignore line: [Android (8481493, based on r416183c2) clang version 12.0.9 (https://android.googlesource.com/toolchain/llvm-project c935d99d7cf2016289302412d708641d52d2f7ee)]
  ignore line: [Target: aarch64-none-linux-android26]
  ignore line: [Thread model: posix]
  ignore line: [InstalledDir: /Users/kijin_seija/Library/Android/sdk/ndk/23.2.8568313/toolchains/llvm/prebuilt/darwin-x86_64/bin]
  ignore line: [Found candidate GCC installation: /Users/kijin_seija/Library/Android/sdk/ndk/23.2.8568313/toolchains/llvm/prebuilt/darwin-x86_64/lib/gcc/aarch64-linux-android/4.9.x]
  ignore line: [Selected GCC installation: /Users/kijin_seija/Library/Android/sdk/ndk/23.2.8568313/toolchains/llvm/prebuilt/darwin-x86_64/lib/gcc/aarch64-linux-android/4.9.x]
  ignore line: [Candidate multilib: .]
  ignore line: [@m64]
  ignore line: [Selected multilib: .]
  ignore line: [@m64]
  link line: [ "/Users/kijin_seija/Library/Android/sdk/ndk/23.2.8568313/toolchains/llvm/prebuilt/darwin-x86_64/bin/ld" --sysroot=/Users/kijin_seija/Library/Android/sdk/ndk/23.2.8568313/toolchains/llvm/prebuilt/darwin-x86_64/sysroot -pie -z noexecstack -EL --fix-cortex-a53-843419 --warn-shared-textrel -z now -z relro -z max-page-size=4096 --hash-style=gnu --enable-new-dtags --eh-frame-hdr -m aarch64linux -dynamic-linker /system/bin/linker64 -o cmTC_f7395 /Users/kijin_seija/Library/Android/sdk/ndk/23.2.8568313/toolchains/llvm/prebuilt/darwin-x86_64/sysroot/usr/lib/aarch64-linux-android/26/crtbegin_dynamic.o -L/Users/kijin_seija/Library/Android/sdk/ndk/23.2.8568313/toolchains/llvm/prebuilt/darwin-x86_64/lib64/clang/12.0.9/lib/linux/aarch64 -L/Users/kijin_seija/Library/Android/sdk/ndk/23.2.8568313/toolchains/llvm/prebuilt/darwin-x86_64/lib/gcc/aarch64-linux-android/4.9.x -L/Users/kijin_seija/Library/Android/sdk/ndk/23.2.8568313/toolchains/llvm/prebuilt/darwin-x86_64/sysroot/usr/lib/aarch64-linux-android/26 -L/Users/kijin_seija/Library/Android/sdk/ndk/23.2.8568313/toolchains/llvm/prebuilt/darwin-x86_64/sysroot/usr/lib/aarch64-linux-android -L/Users/kijin_seija/Library/Android/sdk/ndk/23.2.8568313/toolchains/llvm/prebuilt/darwin-x86_64/sysroot/usr/lib --build-id=sha1 --no-rosegment --fatal-warnings --no-undefined --gc-sections CMakeFiles/cmTC_f7395.dir/OpenMPTryFlag.c.o -latomic -lm -lomp /Users/kijin_seija/Library/Android/sdk/ndk/23.2.8568313/toolchains/llvm/prebuilt/darwin-x86_64/lib64/clang/12.0.9/lib/linux/libclang_rt.builtins-aarch64-android.a -l:libunwind.a -ldl -lc /Users/kijin_seija/Library/Android/sdk/ndk/23.2.8568313/toolchains/llvm/prebuilt/darwin-x86_64/lib64/clang/12.0.9/lib/linux/libclang_rt.builtins-aarch64-android.a -l:libunwind.a -ldl /Users/kijin_seija/Library/Android/sdk/ndk/23.2.8568313/toolchains/llvm/prebuilt/darwin-x86_64/sysroot/usr/lib/aarch64-linux-android/26/crtend_android.o]
    arg [/Users/kijin_seija/Library/Android/sdk/ndk/23.2.8568313/toolchains/llvm/prebuilt/darwin-x86_64/bin/ld] ==> ignore
    arg [--sysroot=/Users/kijin_seija/Library/Android/sdk/ndk/23.2.8568313/toolchains/llvm/prebuilt/darwin-x86_64/sysroot] ==> ignore
    arg [-pie] ==> ignore
    arg [-znoexecstack] ==> ignore
    arg [-EL] ==> ignore
    arg [--fix-cortex-a53-843419] ==> ignore
    arg [--warn-shared-textrel] ==> ignore
    arg [-znow] ==> ignore
    arg [-zrelro] ==> ignore
    arg [-zmax-page-size=4096] ==> ignore
    arg [--hash-style=gnu] ==> ignore
    arg [--enable-new-dtags] ==> ignore
    arg [--eh-frame-hdr] ==> ignore
    arg [-m] ==> ignore
    arg [aarch64linux] ==> ignore
    arg [-dynamic-linker] ==> ignore
    arg [/system/bin/linker64] ==> ignore
    arg [-o] ==> ignore
    arg [cmTC_f7395] ==> ignore
    arg [/Users/kijin_seija/Library/Android/sdk/ndk/23.2.8568313/toolchains/llvm/prebuilt/darwin-x86_64/sysroot/usr/lib/aarch64-linux-android/26/crtbegin_dynamic.o] ==> ignore
    arg [-L/Users/kijin_seija/Library/Android/sdk/ndk/23.2.8568313/toolchains/llvm/prebuilt/darwin-x86_64/lib64/clang/12.0.9/lib/linux/aarch64] ==> dir [/Users/kijin_seija/Library/Android/sdk/ndk/23.2.8568313/toolchains/llvm/prebuilt/darwin-x86_64/lib64/clang/12.0.9/lib/linux/aarch64]
    arg [-L/Users/kijin_seija/Library/Android/sdk/ndk/23.2.8568313/toolchains/llvm/prebuilt/darwin-x86_64/lib/gcc/aarch64-linux-android/4.9.x] ==> dir [/Users/kijin_seija/Library/Android/sdk/ndk/23.2.8568313/toolchains/llvm/prebuilt/darwin-x86_64/lib/gcc/aarch64-linux-android/4.9.x]
    arg [-L/Users/kijin_seija/Library/Android/sdk/ndk/23.2.8568313/toolchains/llvm/prebuilt/darwin-x86_64/sysroot/usr/lib/aarch64-linux-android/26] ==> dir [/Users/kijin_seija/Library/Android/sdk/ndk/23.2.8568313/toolchains/llvm/prebuilt/darwin-x86_64/sysroot/usr/lib/aarch64-linux-android/26]
    arg [-L/Users/kijin_seija/Library/Android/sdk/ndk/23.2.8568313/toolchains/llvm/prebuilt/darwin-x86_64/sysroot/usr/lib/aarch64-linux-android] ==> dir [/Users/kijin_seija/Library/Android/sdk/ndk/23.2.8568313/toolchains/llvm/prebuilt/darwin-x86_64/sysroot/usr/lib/aarch64-linux-android]
    arg [-L/Users/kijin_seija/Library/Android/sdk/ndk/23.2.8568313/toolchains/llvm/prebuilt/darwin-x86_64/sysroot/usr/lib] ==> dir [/Users/kijin_seija/Library/Android/sdk/ndk/23.2.8568313/toolchains/llvm/prebuilt/darwin-x86_64/sysroot/usr/lib]
    arg [--build-id=sha1] ==> ignore
    arg [--no-rosegment] ==> ignore
    arg [--fatal-warnings] ==> ignore
    arg [--no-undefined] ==> ignore
    arg [--gc-sections] ==> ignore
    arg [CMakeFiles/cmTC_f7395.dir/OpenMPTryFlag.c.o] ==> ignore
    arg [-latomic] ==> lib [atomic]
    arg [-lm] ==> lib [m]
    arg [-lomp] ==> lib [omp]
    arg [/Users/kijin_seija/Library/Android/sdk/ndk/23.2.8568313/toolchains/llvm/prebuilt/darwin-x86_64/lib64/clang/12.0.9/lib/linux/libclang_rt.builtins-aarch64-android.a] ==> lib [/Users/kijin_seija/Library/Android/sdk/ndk/23.2.8568313/toolchains/llvm/prebuilt/darwin-x86_64/lib64/clang/12.0.9/lib/linux/libclang_rt.builtins-aarch64-android.a]
    arg [-l:libunwind.a] ==> lib [-l:libunwind.a]
    arg [-ldl] ==> lib [dl]
    arg [-lc] ==> lib [c]
    arg [/Users/kijin_seija/Library/Android/sdk/ndk/23.2.8568313/toolchains/llvm/prebuilt/darwin-x86_64/lib64/clang/12.0.9/lib/linux/libclang_rt.builtins-aarch64-android.a] ==> lib [/Users/kijin_seija/Library/Android/sdk/ndk/23.2.8568313/toolchains/llvm/prebuilt/darwin-x86_64/lib64/clang/12.0.9/lib/linux/libclang_rt.builtins-aarch64-android.a]
    arg [-l:libunwind.a] ==> lib [-l:libunwind.a]
    arg [-ldl] ==> lib [dl]
    arg [/Users/kijin_seija/Library/Android/sdk/ndk/23.2.8568313/toolchains/llvm/prebuilt/darwin-x86_64/sysroot/usr/lib/aarch64-linux-android/26/crtend_android.o] ==> ignore
  remove lib [/Users/kijin_seija/Library/Android/sdk/ndk/23.2.8568313/toolchains/llvm/prebuilt/darwin-x86_64/lib64/clang/12.0.9/lib/linux/libclang_rt.builtins-aarch64-android.a]
  remove lib [/Users/kijin_seija/Library/Android/sdk/ndk/23.2.8568313/toolchains/llvm/prebuilt/darwin-x86_64/lib64/clang/12.0.9/lib/linux/libclang_rt.builtins-aarch64-android.a]
  collapse library dir [/Users/kijin_seija/Library/Android/sdk/ndk/23.2.8568313/toolchains/llvm/prebuilt/darwin-x86_64/lib64/clang/12.0.9/lib/linux/aarch64] ==> [/Users/kijin_seija/Library/Android/sdk/ndk/23.2.8568313/toolchains/llvm/prebuilt/darwin-x86_64/lib64/clang/12.0.9/lib/linux/aarch64]
  collapse library dir [/Users/kijin_seija/Library/Android/sdk/ndk/23.2.8568313/toolchains/llvm/prebuilt/darwin-x86_64/lib/gcc/aarch64-linux-android/4.9.x] ==> [/Users/kijin_seija/Library/Android/sdk/ndk/23.2.8568313/toolchains/llvm/prebuilt/darwin-x86_64/lib/gcc/aarch64-linux-android/4.9.x]
  collapse library dir [/Users/kijin_seija/Library/Android/sdk/ndk/23.2.8568313/toolchains/llvm/prebuilt/darwin-x86_64/sysroot/usr/lib/aarch64-linux-android/26] ==> [/Users/kijin_seija/Library/Android/sdk/ndk/23.2.8568313/toolchains/llvm/prebuilt/darwin-x86_64/sysroot/usr/lib/aarch64-linux-android/26]
  collapse library dir [/Users/kijin_seija/Library/Android/sdk/ndk/23.2.8568313/toolchains/llvm/prebuilt/darwin-x86_64/sysroot/usr/lib/aarch64-linux-android] ==> [/Users/kijin_seija/Library/Android/sdk/ndk/23.2.8568313/toolchains/llvm/prebuilt/darwin-x86_64/sysroot/usr/lib/aarch64-linux-android]
  collapse library dir [/Users/kijin_seija/Library/Android/sdk/ndk/23.2.8568313/toolchains/llvm/prebuilt/darwin-x86_64/sysroot/usr/lib] ==> [/Users/kijin_seija/Library/Android/sdk/ndk/23.2.8568313/toolchains/llvm/prebuilt/darwin-x86_64/sysroot/usr/lib]
  implicit libs: [atomic;m;omp;-l:libunwind.a;dl;c;-l:libunwind.a;dl]
  implicit dirs: [/Users/kijin_seija/Library/Android/sdk/ndk/23.2.8568313/toolchains/llvm/prebuilt/darwin-x86_64/lib64/clang/12.0.9/lib/linux/aarch64;/Users/kijin_seija/Library/Android/sdk/ndk/23.2.8568313/toolchains/llvm/prebuilt/darwin-x86_64/lib/gcc/aarch64-linux-android/4.9.x;/Users/kijin_seija/Library/Android/sdk/ndk/23.2.8568313/toolchains/llvm/prebuilt/darwin-x86_64/sysroot/usr/lib/aarch64-linux-android/26;/Users/kijin_seija/Library/Android/sdk/ndk/23.2.8568313/toolchains/llvm/prebuilt/darwin-x86_64/sysroot/usr/lib/aarch64-linux-android;/Users/kijin_seija/Library/Android/sdk/ndk/23.2.8568313/toolchains/llvm/prebuilt/darwin-x86_64/sysroot/usr/lib]
  implicit fwks: []


Detecting CXX OpenMP compiler ABI info compiled with the following output:
Change Dir: /Users/kijin_seija/Downloads/ncnn-android-yolov5-master/app/.cxx/cmake/release/arm64-v8a/CMakeFiles/CMakeTmp

Run Build Command:"/Users/kijin_seija/Library/Android/sdk/cmake/3.10.2.4988404/bin/ninja" "cmTC_c9463"
[1/2] Building CXX object CMakeFiles/cmTC_c9463.dir/OpenMPTryFlag.cpp.o
Android (8481493, based on r416183c2) clang version 12.0.9 (https://android.googlesource.com/toolchain/llvm-project c935d99d7cf2016289302412d708641d52d2f7ee)
Target: aarch64-none-linux-android26
Thread model: posix
InstalledDir: /Users/kijin_seija/Library/Android/sdk/ndk/23.2.8568313/toolchains/llvm/prebuilt/darwin-x86_64/bin
Found candidate GCC installation: /Users/kijin_seija/Library/Android/sdk/ndk/23.2.8568313/toolchains/llvm/prebuilt/darwin-x86_64/lib/gcc/aarch64-linux-android/4.9.x
Selected GCC installation: /Users/kijin_seija/Library/Android/sdk/ndk/23.2.8568313/toolchains/llvm/prebuilt/darwin-x86_64/lib/gcc/aarch64-linux-android/4.9.x
Candidate multilib: .;@m64
Selected multilib: .;@m64
 (in-process)
 "/Users/kijin_seija/Library/Android/sdk/ndk/23.2.8568313/toolchains/llvm/prebuilt/darwin-x86_64/bin/clang++" -cc1 -triple aarch64-none-linux-android26 -emit-obj -mrelax-all --mrelax-relocations -mnoexecstack -disable-free -disable-llvm-verifier -discard-value-names -main-file-name OpenMPTryFlag.cpp -mrelocation-model pic -pic-level 2 -pic-is-pie -mframe-pointer=non-leaf -fno-rounding-math -mconstructor-aliases -munwind-tables -target-cpu generic -target-feature +neon -target-abi aapcs -mllvm -aarch64-fix-cortex-a53-835769=1 -fallow-half-arguments-and-returns -fno-split-dwarf-inlining -debug-info-kind=limited -dwarf-version=4 -debugger-tuning=gdb -target-linker-version 711 -v -ffunction-sections -fdata-sections -resource-dir /Users/kijin_seija/Library/Android/sdk/ndk/23.2.8568313/toolchains/llvm/prebuilt/darwin-x86_64/lib64/clang/12.0.9 -D ANDROID -D _FORTIFY_SOURCE=2 -isysroot /Users/kijin_seija/Library/Android/sdk/ndk/23.2.8568313/toolchains/llvm/prebuilt/darwin-x86_64/sysroot -internal-isystem /Users/kijin_seija/Library/Android/sdk/ndk/23.2.8568313/toolchains/llvm/prebuilt/darwin-x86_64/sysroot/usr/include/c++/v1 -internal-isystem /Users/kijin_seija/Library/Android/sdk/ndk/23.2.8568313/toolchains/llvm/prebuilt/darwin-x86_64/sysroot/usr/local/include -internal-isystem /Users/kijin_seija/Library/Android/sdk/ndk/23.2.8568313/toolchains/llvm/prebuilt/darwin-x86_64/lib64/clang/12.0.9/include -internal-externc-isystem /Users/kijin_seija/Library/Android/sdk/ndk/23.2.8568313/toolchains/llvm/prebuilt/darwin-x86_64/sysroot/usr/include/aarch64-linux-android -internal-externc-isystem /Users/kijin_seija/Library/Android/sdk/ndk/23.2.8568313/toolchains/llvm/prebuilt/darwin-x86_64/sysroot/include -internal-externc-isystem /Users/kijin_seija/Library/Android/sdk/ndk/23.2.8568313/toolchains/llvm/prebuilt/darwin-x86_64/sysroot/usr/include -Wformat -Werror=format-security -fdeprecated-macro -fdebug-compilation-dir /Users/kijin_seija/Downloads/ncnn-android-yolov5-master/app/.cxx/cmake/release/arm64-v8a/CMakeFiles/CMakeTmp -ferror-limit 19 -fopenmp -fopenmp-cuda-parallel-target-regions -stack-protector 2 -fno-signed-char -fgnuc-version=4.2.1 -fcxx-exceptions -fexceptions -o CMakeFiles/cmTC_c9463.dir/OpenMPTryFlag.cpp.o -x c++ /Users/kijin_seija/Downloads/ncnn-android-yolov5-master/app/.cxx/cmake/release/arm64-v8a/CMakeFiles/FindOpenMP/OpenMPTryFlag.cpp
clang -cc1 version 12.0.9 based upon LLVM 12.0.9git default target x86_64-apple-darwin22.1.0
ignoring nonexistent directory "/Users/kijin_seija/Library/Android/sdk/ndk/23.2.8568313/toolchains/llvm/prebuilt/darwin-x86_64/sysroot/include"
#include "..." search starts here:
#include <...> search starts here:
 /Users/kijin_seija/Library/Android/sdk/ndk/23.2.8568313/toolchains/llvm/prebuilt/darwin-x86_64/sysroot/usr/include/c++/v1
 /Users/kijin_seija/Library/Android/sdk/ndk/23.2.8568313/toolchains/llvm/prebuilt/darwin-x86_64/sysroot/usr/local/include
 /Users/kijin_seija/Library/Android/sdk/ndk/23.2.8568313/toolchains/llvm/prebuilt/darwin-x86_64/lib64/clang/12.0.9/include
 /Users/kijin_seija/Library/Android/sdk/ndk/23.2.8568313/toolchains/llvm/prebuilt/darwin-x86_64/sysroot/usr/include/aarch64-linux-android
 /Users/kijin_seija/Library/Android/sdk/ndk/23.2.8568313/toolchains/llvm/prebuilt/darwin-x86_64/sysroot/usr/include
End of search list.
[2/2] Linking CXX executable cmTC_c9463
Android (8481493, based on r416183c2) clang version 12.0.9 (https://android.googlesource.com/toolchain/llvm-project c935d99d7cf2016289302412d708641d52d2f7ee)
Target: aarch64-none-linux-android26
Thread model: posix
InstalledDir: /Users/kijin_seija/Library/Android/sdk/ndk/23.2.8568313/toolchains/llvm/prebuilt/darwin-x86_64/bin
Found candidate GCC installation: /Users/kijin_seija/Library/Android/sdk/ndk/23.2.8568313/toolchains/llvm/prebuilt/darwin-x86_64/lib/gcc/aarch64-linux-android/4.9.x
Selected GCC installation: /Users/kijin_seija/Library/Android/sdk/ndk/23.2.8568313/toolchains/llvm/prebuilt/darwin-x86_64/lib/gcc/aarch64-linux-android/4.9.x
Candidate multilib: .;@m64
Selected multilib: .;@m64
 "/Users/kijin_seija/Library/Android/sdk/ndk/23.2.8568313/toolchains/llvm/prebuilt/darwin-x86_64/bin/ld" --sysroot=/Users/kijin_seija/Library/Android/sdk/ndk/23.2.8568313/toolchains/llvm/prebuilt/darwin-x86_64/sysroot -pie -z noexecstack -EL --fix-cortex-a53-843419 --warn-shared-textrel -z now -z relro -z max-page-size=4096 --hash-style=gnu --enable-new-dtags --eh-frame-hdr -m aarch64linux -dynamic-linker /system/bin/linker64 -o cmTC_c9463 /Users/kijin_seija/Library/Android/sdk/ndk/23.2.8568313/toolchains/llvm/prebuilt/darwin-x86_64/sysroot/usr/lib/aarch64-linux-android/26/crtbegin_dynamic.o -L/Users/kijin_seija/Library/Android/sdk/ndk/23.2.8568313/toolchains/llvm/prebuilt/darwin-x86_64/lib64/clang/12.0.9/lib/linux/aarch64 -L/Users/kijin_seija/Library/Android/sdk/ndk/23.2.8568313/toolchains/llvm/prebuilt/darwin-x86_64/lib/gcc/aarch64-linux-android/4.9.x -L/Users/kijin_seija/Library/Android/sdk/ndk/23.2.8568313/toolchains/llvm/prebuilt/darwin-x86_64/sysroot/usr/lib/aarch64-linux-android/26 -L/Users/kijin_seija/Library/Android/sdk/ndk/23.2.8568313/toolchains/llvm/prebuilt/darwin-x86_64/sysroot/usr/lib/aarch64-linux-android -L/Users/kijin_seija/Library/Android/sdk/ndk/23.2.8568313/toolchains/llvm/prebuilt/darwin-x86_64/sysroot/usr/lib --build-id=sha1 --no-rosegment --fatal-warnings --no-undefined --gc-sections CMakeFiles/cmTC_c9463.dir/OpenMPTryFlag.cpp.o -latomic -lm -Bstatic -lc++ -Bdynamic -lm -lomp /Users/kijin_seija/Library/Android/sdk/ndk/23.2.8568313/toolchains/llvm/prebuilt/darwin-x86_64/lib64/clang/12.0.9/lib/linux/libclang_rt.builtins-aarch64-android.a -l:libunwind.a -ldl -lc /Users/kijin_seija/Library/Android/sdk/ndk/23.2.8568313/toolchains/llvm/prebuilt/darwin-x86_64/lib64/clang/12.0.9/lib/linux/libclang_rt.builtins-aarch64-android.a -l:libunwind.a -ldl /Users/kijin_seija/Library/Android/sdk/ndk/23.2.8568313/toolchains/llvm/prebuilt/darwin-x86_64/sysroot/usr/lib/aarch64-linux-android/26/crtend_android.o


Parsed CXX OpenMP implicit link information from above output:
  link line regex: [^( *|.*[/\])(CMAKE_LINKER-NOTFOUND|CMAKE_LINK_STARTFILE-NOTFOUND|([^/\]+-)?ld|collect2)[^/\]*( |$)]
  ignore line: [Change Dir: /Users/kijin_seija/Downloads/ncnn-android-yolov5-master/app/.cxx/cmake/release/arm64-v8a/CMakeFiles/CMakeTmp]
  ignore line: []
  ignore line: [Run Build Command:"/Users/kijin_seija/Library/Android/sdk/cmake/3.10.2.4988404/bin/ninja" "cmTC_c9463"]
  ignore line: [[1/2] Building CXX object CMakeFiles/cmTC_c9463.dir/OpenMPTryFlag.cpp.o]
  ignore line: [Android (8481493, based on r416183c2) clang version 12.0.9 (https://android.googlesource.com/toolchain/llvm-project c935d99d7cf2016289302412d708641d52d2f7ee)]
  ignore line: [Target: aarch64-none-linux-android26]
  ignore line: [Thread model: posix]
  ignore line: [InstalledDir: /Users/kijin_seija/Library/Android/sdk/ndk/23.2.8568313/toolchains/llvm/prebuilt/darwin-x86_64/bin]
  ignore line: [Found candidate GCC installation: /Users/kijin_seija/Library/Android/sdk/ndk/23.2.8568313/toolchains/llvm/prebuilt/darwin-x86_64/lib/gcc/aarch64-linux-android/4.9.x]
  ignore line: [Selected GCC installation: /Users/kijin_seija/Library/Android/sdk/ndk/23.2.8568313/toolchains/llvm/prebuilt/darwin-x86_64/lib/gcc/aarch64-linux-android/4.9.x]
  ignore line: [Candidate multilib: .]
  ignore line: [@m64]
  ignore line: [Selected multilib: .]
  ignore line: [@m64]
  ignore line: [ (in-process)]
  ignore line: [ "/Users/kijin_seija/Library/Android/sdk/ndk/23.2.8568313/toolchains/llvm/prebuilt/darwin-x86_64/bin/clang++" -cc1 -triple aarch64-none-linux-android26 -emit-obj -mrelax-all --mrelax-relocations -mnoexecstack -disable-free -disable-llvm-verifier -discard-value-names -main-file-name OpenMPTryFlag.cpp -mrelocation-model pic -pic-level 2 -pic-is-pie -mframe-pointer=non-leaf -fno-rounding-math -mconstructor-aliases -munwind-tables -target-cpu generic -target-feature +neon -target-abi aapcs -mllvm -aarch64-fix-cortex-a53-835769=1 -fallow-half-arguments-and-returns -fno-split-dwarf-inlining -debug-info-kind=limited -dwarf-version=4 -debugger-tuning=gdb -target-linker-version 711 -v -ffunction-sections -fdata-sections -resource-dir /Users/kijin_seija/Library/Android/sdk/ndk/23.2.8568313/toolchains/llvm/prebuilt/darwin-x86_64/lib64/clang/12.0.9 -D ANDROID -D _FORTIFY_SOURCE=2 -isysroot /Users/kijin_seija/Library/Android/sdk/ndk/23.2.8568313/toolchains/llvm/prebuilt/darwin-x86_64/sysroot -internal-isystem /Users/kijin_seija/Library/Android/sdk/ndk/23.2.8568313/toolchains/llvm/prebuilt/darwin-x86_64/sysroot/usr/include/c++/v1 -internal-isystem /Users/kijin_seija/Library/Android/sdk/ndk/23.2.8568313/toolchains/llvm/prebuilt/darwin-x86_64/sysroot/usr/local/include -internal-isystem /Users/kijin_seija/Library/Android/sdk/ndk/23.2.8568313/toolchains/llvm/prebuilt/darwin-x86_64/lib64/clang/12.0.9/include -internal-externc-isystem /Users/kijin_seija/Library/Android/sdk/ndk/23.2.8568313/toolchains/llvm/prebuilt/darwin-x86_64/sysroot/usr/include/aarch64-linux-android -internal-externc-isystem /Users/kijin_seija/Library/Android/sdk/ndk/23.2.8568313/toolchains/llvm/prebuilt/darwin-x86_64/sysroot/include -internal-externc-isystem /Users/kijin_seija/Library/Android/sdk/ndk/23.2.8568313/toolchains/llvm/prebuilt/darwin-x86_64/sysroot/usr/include -Wformat -Werror=format-security -fdeprecated-macro -fdebug-compilation-dir /Users/kijin_seija/Downloads/ncnn-android-yolov5-master/app/.cxx/cmake/release/arm64-v8a/CMakeFiles/CMakeTmp -ferror-limit 19 -fopenmp -fopenmp-cuda-parallel-target-regions -stack-protector 2 -fno-signed-char -fgnuc-version=4.2.1 -fcxx-exceptions -fexceptions -o CMakeFiles/cmTC_c9463.dir/OpenMPTryFlag.cpp.o -x c++ /Users/kijin_seija/Downloads/ncnn-android-yolov5-master/app/.cxx/cmake/release/arm64-v8a/CMakeFiles/FindOpenMP/OpenMPTryFlag.cpp]
  ignore line: [clang -cc1 version 12.0.9 based upon LLVM 12.0.9git default target x86_64-apple-darwin22.1.0]
  ignore line: [ignoring nonexistent directory "/Users/kijin_seija/Library/Android/sdk/ndk/23.2.8568313/toolchains/llvm/prebuilt/darwin-x86_64/sysroot/include"]
  ignore line: [#include "..." search starts here:]
  ignore line: [#include <...> search starts here:]
  ignore line: [ /Users/kijin_seija/Library/Android/sdk/ndk/23.2.8568313/toolchains/llvm/prebuilt/darwin-x86_64/sysroot/usr/include/c++/v1]
  ignore line: [ /Users/kijin_seija/Library/Android/sdk/ndk/23.2.8568313/toolchains/llvm/prebuilt/darwin-x86_64/sysroot/usr/local/include]
  ignore line: [ /Users/kijin_seija/Library/Android/sdk/ndk/23.2.8568313/toolchains/llvm/prebuilt/darwin-x86_64/lib64/clang/12.0.9/include]
  ignore line: [ /Users/kijin_seija/Library/Android/sdk/ndk/23.2.8568313/toolchains/llvm/prebuilt/darwin-x86_64/sysroot/usr/include/aarch64-linux-android]
  ignore line: [ /Users/kijin_seija/Library/Android/sdk/ndk/23.2.8568313/toolchains/llvm/prebuilt/darwin-x86_64/sysroot/usr/include]
  ignore line: [End of search list.]
  ignore line: [[2/2] Linking CXX executable cmTC_c9463]
  ignore line: [Android (8481493, based on r416183c2) clang version 12.0.9 (https://android.googlesource.com/toolchain/llvm-project c935d99d7cf2016289302412d708641d52d2f7ee)]
  ignore line: [Target: aarch64-none-linux-android26]
  ignore line: [Thread model: posix]
  ignore line: [InstalledDir: /Users/kijin_seija/Library/Android/sdk/ndk/23.2.8568313/toolchains/llvm/prebuilt/darwin-x86_64/bin]
  ignore line: [Found candidate GCC installation: /Users/kijin_seija/Library/Android/sdk/ndk/23.2.8568313/toolchains/llvm/prebuilt/darwin-x86_64/lib/gcc/aarch64-linux-android/4.9.x]
  ignore line: [Selected GCC installation: /Users/kijin_seija/Library/Android/sdk/ndk/23.2.8568313/toolchains/llvm/prebuilt/darwin-x86_64/lib/gcc/aarch64-linux-android/4.9.x]
  ignore line: [Candidate multilib: .]
  ignore line: [@m64]
  ignore line: [Selected multilib: .]
  ignore line: [@m64]
  link line: [ "/Users/kijin_seija/Library/Android/sdk/ndk/23.2.8568313/toolchains/llvm/prebuilt/darwin-x86_64/bin/ld" --sysroot=/Users/kijin_seija/Library/Android/sdk/ndk/23.2.8568313/toolchains/llvm/prebuilt/darwin-x86_64/sysroot -pie -z noexecstack -EL --fix-cortex-a53-843419 --warn-shared-textrel -z now -z relro -z max-page-size=4096 --hash-style=gnu --enable-new-dtags --eh-frame-hdr -m aarch64linux -dynamic-linker /system/bin/linker64 -o cmTC_c9463 /Users/kijin_seija/Library/Android/sdk/ndk/23.2.8568313/toolchains/llvm/prebuilt/darwin-x86_64/sysroot/usr/lib/aarch64-linux-android/26/crtbegin_dynamic.o -L/Users/kijin_seija/Library/Android/sdk/ndk/23.2.8568313/toolchains/llvm/prebuilt/darwin-x86_64/lib64/clang/12.0.9/lib/linux/aarch64 -L/Users/kijin_seija/Library/Android/sdk/ndk/23.2.8568313/toolchains/llvm/prebuilt/darwin-x86_64/lib/gcc/aarch64-linux-android/4.9.x -L/Users/kijin_seija/Library/Android/sdk/ndk/23.2.8568313/toolchains/llvm/prebuilt/darwin-x86_64/sysroot/usr/lib/aarch64-linux-android/26 -L/Users/kijin_seija/Library/Android/sdk/ndk/23.2.8568313/toolchains/llvm/prebuilt/darwin-x86_64/sysroot/usr/lib/aarch64-linux-android -L/Users/kijin_seija/Library/Android/sdk/ndk/23.2.8568313/toolchains/llvm/prebuilt/darwin-x86_64/sysroot/usr/lib --build-id=sha1 --no-rosegment --fatal-warnings --no-undefined --gc-sections CMakeFiles/cmTC_c9463.dir/OpenMPTryFlag.cpp.o -latomic -lm -Bstatic -lc++ -Bdynamic -lm -lomp /Users/kijin_seija/Library/Android/sdk/ndk/23.2.8568313/toolchains/llvm/prebuilt/darwin-x86_64/lib64/clang/12.0.9/lib/linux/libclang_rt.builtins-aarch64-android.a -l:libunwind.a -ldl -lc /Users/kijin_seija/Library/Android/sdk/ndk/23.2.8568313/toolchains/llvm/prebuilt/darwin-x86_64/lib64/clang/12.0.9/lib/linux/libclang_rt.builtins-aarch64-android.a -l:libunwind.a -ldl /Users/kijin_seija/Library/Android/sdk/ndk/23.2.8568313/toolchains/llvm/prebuilt/darwin-x86_64/sysroot/usr/lib/aarch64-linux-android/26/crtend_android.o]
    arg [/Users/kijin_seija/Library/Android/sdk/ndk/23.2.8568313/toolchains/llvm/prebuilt/darwin-x86_64/bin/ld] ==> ignore
    arg [--sysroot=/Users/kijin_seija/Library/Android/sdk/ndk/23.2.8568313/toolchains/llvm/prebuilt/darwin-x86_64/sysroot] ==> ignore
    arg [-pie] ==> ignore
    arg [-znoexecstack] ==> ignore
    arg [-EL] ==> ignore
    arg [--fix-cortex-a53-843419] ==> ignore
    arg [--warn-shared-textrel] ==> ignore
    arg [-znow] ==> ignore
    arg [-zrelro] ==> ignore
    arg [-zmax-page-size=4096] ==> ignore
    arg [--hash-style=gnu] ==> ignore
    arg [--enable-new-dtags] ==> ignore
    arg [--eh-frame-hdr] ==> ignore
    arg [-m] ==> ignore
    arg [aarch64linux] ==> ignore
    arg [-dynamic-linker] ==> ignore
    arg [/system/bin/linker64] ==> ignore
    arg [-o] ==> ignore
    arg [cmTC_c9463] ==> ignore
    arg [/Users/kijin_seija/Library/Android/sdk/ndk/23.2.8568313/toolchains/llvm/prebuilt/darwin-x86_64/sysroot/usr/lib/aarch64-linux-android/26/crtbegin_dynamic.o] ==> ignore
    arg [-L/Users/kijin_seija/Library/Android/sdk/ndk/23.2.8568313/toolchains/llvm/prebuilt/darwin-x86_64/lib64/clang/12.0.9/lib/linux/aarch64] ==> dir [/Users/kijin_seija/Library/Android/sdk/ndk/23.2.8568313/toolchains/llvm/prebuilt/darwin-x86_64/lib64/clang/12.0.9/lib/linux/aarch64]
    arg [-L/Users/kijin_seija/Library/Android/sdk/ndk/23.2.8568313/toolchains/llvm/prebuilt/darwin-x86_64/lib/gcc/aarch64-linux-android/4.9.x] ==> dir [/Users/kijin_seija/Library/Android/sdk/ndk/23.2.8568313/toolchains/llvm/prebuilt/darwin-x86_64/lib/gcc/aarch64-linux-android/4.9.x]
    arg [-L/Users/kijin_seija/Library/Android/sdk/ndk/23.2.8568313/toolchains/llvm/prebuilt/darwin-x86_64/sysroot/usr/lib/aarch64-linux-android/26] ==> dir [/Users/kijin_seija/Library/Android/sdk/ndk/23.2.8568313/toolchains/llvm/prebuilt/darwin-x86_64/sysroot/usr/lib/aarch64-linux-android/26]
    arg [-L/Users/kijin_seija/Library/Android/sdk/ndk/23.2.8568313/toolchains/llvm/prebuilt/darwin-x86_64/sysroot/usr/lib/aarch64-linux-android] ==> dir [/Users/kijin_seija/Library/Android/sdk/ndk/23.2.8568313/toolchains/llvm/prebuilt/darwin-x86_64/sysroot/usr/lib/aarch64-linux-android]
    arg [-L/Users/kijin_seija/Library/Android/sdk/ndk/23.2.8568313/toolchains/llvm/prebuilt/darwin-x86_64/sysroot/usr/lib] ==> dir [/Users/kijin_seija/Library/Android/sdk/ndk/23.2.8568313/toolchains/llvm/prebuilt/darwin-x86_64/sysroot/usr/lib]
    arg [--build-id=sha1] ==> ignore
    arg [--no-rosegment] ==> ignore
    arg [--fatal-warnings] ==> ignore
    arg [--no-undefined] ==> ignore
    arg [--gc-sections] ==> ignore
    arg [CMakeFiles/cmTC_c9463.dir/OpenMPTryFlag.cpp.o] ==> ignore
    arg [-latomic] ==> lib [atomic]
    arg [-lm] ==> lib [m]
    arg [-Bstatic] ==> ignore
    arg [-lc++] ==> lib [c++]
    arg [-Bdynamic] ==> ignore
    arg [-lm] ==> lib [m]
    arg [-lomp] ==> lib [omp]
    arg [/Users/kijin_seija/Library/Android/sdk/ndk/23.2.8568313/toolchains/llvm/prebuilt/darwin-x86_64/lib64/clang/12.0.9/lib/linux/libclang_rt.builtins-aarch64-android.a] ==> lib [/Users/kijin_seija/Library/Android/sdk/ndk/23.2.8568313/toolchains/llvm/prebuilt/darwin-x86_64/lib64/clang/12.0.9/lib/linux/libclang_rt.builtins-aarch64-android.a]
    arg [-l:libunwind.a] ==> lib [-l:libunwind.a]
    arg [-ldl] ==> lib [dl]
    arg [-lc] ==> lib [c]
    arg [/Users/kijin_seija/Library/Android/sdk/ndk/23.2.8568313/toolchains/llvm/prebuilt/darwin-x86_64/lib64/clang/12.0.9/lib/linux/libclang_rt.builtins-aarch64-android.a] ==> lib [/Users/kijin_seija/Library/Android/sdk/ndk/23.2.8568313/toolchains/llvm/prebuilt/darwin-x86_64/lib64/clang/12.0.9/lib/linux/libclang_rt.builtins-aarch64-android.a]
    arg [-l:libunwind.a] ==> lib [-l:libunwind.a]
    arg [-ldl] ==> lib [dl]
    arg [/Users/kijin_seija/Library/Android/sdk/ndk/23.2.8568313/toolchains/llvm/prebuilt/darwin-x86_64/sysroot/usr/lib/aarch64-linux-android/26/crtend_android.o] ==> ignore
  remove lib [/Users/kijin_seija/Library/Android/sdk/ndk/23.2.8568313/toolchains/llvm/prebuilt/darwin-x86_64/lib64/clang/12.0.9/lib/linux/libclang_rt.builtins-aarch64-android.a]
  remove lib [/Users/kijin_seija/Library/Android/sdk/ndk/23.2.8568313/toolchains/llvm/prebuilt/darwin-x86_64/lib64/clang/12.0.9/lib/linux/libclang_rt.builtins-aarch64-android.a]
  collapse library dir [/Users/kijin_seija/Library/Android/sdk/ndk/23.2.8568313/toolchains/llvm/prebuilt/darwin-x86_64/lib64/clang/12.0.9/lib/linux/aarch64] ==> [/Users/kijin_seija/Library/Android/sdk/ndk/23.2.8568313/toolchains/llvm/prebuilt/darwin-x86_64/lib64/clang/12.0.9/lib/linux/aarch64]
  collapse library dir [/Users/kijin_seija/Library/Android/sdk/ndk/23.2.8568313/toolchains/llvm/prebuilt/darwin-x86_64/lib/gcc/aarch64-linux-android/4.9.x] ==> [/Users/kijin_seija/Library/Android/sdk/ndk/23.2.8568313/toolchains/llvm/prebuilt/darwin-x86_64/lib/gcc/aarch64-linux-android/4.9.x]
  collapse library dir [/Users/kijin_seija/Library/Android/sdk/ndk/23.2.8568313/toolchains/llvm/prebuilt/darwin-x86_64/sysroot/usr/lib/aarch64-linux-android/26] ==> [/Users/kijin_seija/Library/Android/sdk/ndk/23.2.8568313/toolchains/llvm/prebuilt/darwin-x86_64/sysroot/usr/lib/aarch64-linux-android/26]
  collapse library dir [/Users/kijin_seija/Library/Android/sdk/ndk/23.2.8568313/toolchains/llvm/prebuilt/darwin-x86_64/sysroot/usr/lib/aarch64-linux-android] ==> [/Users/kijin_seija/Library/Android/sdk/ndk/23.2.8568313/toolchains/llvm/prebuilt/darwin-x86_64/sysroot/usr/lib/aarch64-linux-android]
  collapse library dir [/Users/kijin_seija/Library/Android/sdk/ndk/23.2.8568313/toolchains/llvm/prebuilt/darwin-x86_64/sysroot/usr/lib] ==> [/Users/kijin_seija/Library/Android/sdk/ndk/23.2.8568313/toolchains/llvm/prebuilt/darwin-x86_64/sysroot/usr/lib]
  implicit libs: [atomic;m;c++;m;omp;-l:libunwind.a;dl;c;-l:libunwind.a;dl]
  implicit dirs: [/Users/kijin_seija/Library/Android/sdk/ndk/23.2.8568313/toolchains/llvm/prebuilt/darwin-x86_64/lib64/clang/12.0.9/lib/linux/aarch64;/Users/kijin_seija/Library/Android/sdk/ndk/23.2.8568313/toolchains/llvm/prebuilt/darwin-x86_64/lib/gcc/aarch64-linux-android/4.9.x;/Users/kijin_seija/Library/Android/sdk/ndk/23.2.8568313/toolchains/llvm/prebuilt/darwin-x86_64/sysroot/usr/lib/aarch64-linux-android/26;/Users/kijin_seija/Library/Android/sdk/ndk/23.2.8568313/toolchains/llvm/prebuilt/darwin-x86_64/sysroot/usr/lib/aarch64-linux-android;/Users/kijin_seija/Library/Android/sdk/ndk/23.2.8568313/toolchains/llvm/prebuilt/darwin-x86_64/sysroot/usr/lib]
  implicit fwks: []


Determining if the include file pthread.h exists passed with the following output:
Change Dir: /Users/kijin_seija/Downloads/ncnn-android-yolov5-master/app/.cxx/cmake/release/arm64-v8a/CMakeFiles/CMakeTmp

Run Build Command:"/Users/kijin_seija/Library/Android/sdk/cmake/3.10.2.4988404/bin/ninja" "cmTC_61b04"
[1/2] Building C object CMakeFiles/cmTC_61b04.dir/CheckIncludeFile.c.o
[2/2] Linking C executable cmTC_61b04


Determining if the pthread_create exist passed with the following output:
Change Dir: /Users/kijin_seija/Downloads/ncnn-android-yolov5-master/app/.cxx/cmake/release/arm64-v8a/CMakeFiles/CMakeTmp

Run Build Command:"/Users/kijin_seija/Library/Android/sdk/cmake/3.10.2.4988404/bin/ninja" "cmTC_3179d"
[1/2] Building C object CMakeFiles/cmTC_3179d.dir/CheckSymbolExists.c.o
[2/2] Linking C executable cmTC_3179d

File /Users/kijin_seija/Downloads/ncnn-android-yolov5-master/app/.cxx/cmake/release/arm64-v8a/CMakeFiles/CMakeTmp/CheckSymbolExists.c:
/* */
#include <pthread.h>

int main(int argc, char** argv)
{
  (void)argv;
#ifndef pthread_create
  return ((int*)(&pthread_create))[argc];
#else
  (void)argc;
  return 0;
#endif
}

